<?xml version="1.0" encoding="UTF-8"?>
<robot generator="Robot 7.4.1 (Python 3.12.3 on win32)" generated="2026-01-17T06:59:57.625278" rpa="false" schemaversion="5">
<suite id="s1" name="Tests" source="C:\Users\DELL\Desktop\automation saucedemo\automation-project-saucedemo\robot_tests\tests">
<suite id="s1-s1" name="Test About Page" source="C:\Users\DELL\Desktop\automation saucedemo\automation-project-saucedemo\robot_tests\tests\test_about_page.robot">
<test id="s1-s1-t1" name="User Can Open About Page" line="8">
<kw name="Open Application Browser" owner="keywords">
<kw name="Load Config" owner="keywords">
<if>
<branch type="IF" condition="$CONFIG_CACHE == {}">
<kw name="Get File" owner="OperatingSystem">
<msg time="2026-01-17T06:59:58.125522" level="INFO" html="true">Getting file '&lt;a href="file://C:\Users\DELL\Desktop\automation saucedemo\automation-project-saucedemo\robot_tests\data\config.json"&gt;C:\Users\DELL\Desktop\automation saucedemo\automation-project-saucedemo\robot_tests\data\config.json&lt;/a&gt;'.</msg>
<msg time="2026-01-17T06:59:58.125522" level="INFO">${config_content} = {
  "URL": "https://www.saucedemo.com",
  "BROWSER": "chrome",
  "USERNAME": "standard_user",
  "PASSWORD": "secret_sauce"
}
</msg>
<var>${config_content}</var>
<arg>${CONFIG_FILE}</arg>
<doc>Returns the contents of a specified file.</doc>
<status status="PASS" start="2026-01-17T06:59:58.125522" elapsed="0.000000"/>
</kw>
<kw name="Evaluate" owner="BuiltIn">
<msg time="2026-01-17T06:59:58.125522" level="INFO">${config} = {'URL': 'https://www.saucedemo.com', 'BROWSER': 'chrome', 'USERNAME': 'standard_user', 'PASSWORD': 'secret_sauce'}</msg>
<var>${config}</var>
<arg>json.loads('''${config_content}''')</arg>
<arg>json</arg>
<doc>Evaluates the given expression in Python and returns the result.</doc>
<status status="PASS" start="2026-01-17T06:59:58.125522" elapsed="0.000000"/>
</kw>
<kw name="Set Suite Variable" owner="BuiltIn">
<msg time="2026-01-17T06:59:58.125522" level="INFO">&amp;{CONFIG_CACHE} = { URL=https://www.saucedemo.com | BROWSER=chrome | USERNAME=standard_user | PASSWORD=secret_sauce }</msg>
<arg>&amp;{CONFIG_CACHE}</arg>
<arg>&amp;{config}</arg>
<doc>Makes a variable available everywhere within the scope of the current suite.</doc>
<status status="PASS" start="2026-01-17T06:59:58.125522" elapsed="0.000000"/>
</kw>
<status status="PASS" start="2026-01-17T06:59:58.125522" elapsed="0.000000"/>
</branch>
<status status="PASS" start="2026-01-17T06:59:58.125522" elapsed="0.000000"/>
</if>
<return>
<value>${CONFIG_CACHE}</value>
<status status="PASS" start="2026-01-17T06:59:58.125522" elapsed="0.000000"/>
</return>
<msg time="2026-01-17T06:59:58.125522" level="INFO">${config} = {'URL': 'https://www.saucedemo.com', 'BROWSER': 'chrome', 'USERNAME': 'standard_user', 'PASSWORD': 'secret_sauce'}</msg>
<var>${config}</var>
<status status="PASS" start="2026-01-17T06:59:58.125522" elapsed="0.000000"/>
</kw>
<kw name="Evaluate" owner="BuiltIn">
<msg time="2026-01-17T06:59:58.125522" level="INFO">${options} = &lt;selenium.webdriver.chrome.options.Options object at 0x000002382DA2C890&gt;</msg>
<var>${options}</var>
<arg>sys.modules['selenium.webdriver'].ChromeOptions()</arg>
<arg>sys</arg>
<doc>Evaluates the given expression in Python and returns the result.</doc>
<status status="PASS" start="2026-01-17T06:59:58.125522" elapsed="0.000000"/>
</kw>
<kw name="Create Dictionary" owner="BuiltIn">
<msg time="2026-01-17T06:59:58.125522" level="INFO">${prefs} = {'credentials_enable_service': False, 'profile.password_manager_enabled': False}</msg>
<var>${prefs}</var>
<arg>credentials_enable_service=${False}</arg>
<arg>profile.password_manager_enabled=${False}</arg>
<doc>Creates and returns a dictionary based on the given ``items``.</doc>
<status status="PASS" start="2026-01-17T06:59:58.125522" elapsed="0.000000"/>
</kw>
<kw name="Call Method" owner="BuiltIn">
<arg>${options}</arg>
<arg>add_experimental_option</arg>
<arg>prefs</arg>
<arg>${prefs}</arg>
<doc>Calls the named method of the given object with the provided arguments.</doc>
<status status="PASS" start="2026-01-17T06:59:58.125522" elapsed="0.000000"/>
</kw>
<kw name="Call Method" owner="BuiltIn">
<arg>${options}</arg>
<arg>add_argument</arg>
<arg>--disable-notifications</arg>
<doc>Calls the named method of the given object with the provided arguments.</doc>
<status status="PASS" start="2026-01-17T06:59:58.125522" elapsed="0.000000"/>
</kw>
<kw name="Call Method" owner="BuiltIn">
<arg>${options}</arg>
<arg>add_argument</arg>
<arg>--disable-infobars</arg>
<doc>Calls the named method of the given object with the provided arguments.</doc>
<status status="PASS" start="2026-01-17T06:59:58.125522" elapsed="0.000000"/>
</kw>
<kw name="Call Method" owner="BuiltIn">
<arg>${options}</arg>
<arg>add_argument</arg>
<arg>--incognito</arg>
<doc>Calls the named method of the given object with the provided arguments.</doc>
<status status="PASS" start="2026-01-17T06:59:58.125522" elapsed="0.000000"/>
</kw>
<kw name="Call Method" owner="BuiltIn">
<arg>${options}</arg>
<arg>add_argument</arg>
<arg>--headless</arg>
<doc>Calls the named method of the given object with the provided arguments.</doc>
<status status="PASS" start="2026-01-17T06:59:58.125522" elapsed="0.000000"/>
</kw>
<kw name="Call Method" owner="BuiltIn">
<arg>${options}</arg>
<arg>add_argument</arg>
<arg>--no-sandbox</arg>
<doc>Calls the named method of the given object with the provided arguments.</doc>
<status status="PASS" start="2026-01-17T06:59:58.125522" elapsed="0.014630"/>
</kw>
<kw name="Call Method" owner="BuiltIn">
<arg>${options}</arg>
<arg>add_argument</arg>
<arg>--disable-dev-shm-usage</arg>
<doc>Calls the named method of the given object with the provided arguments.</doc>
<status status="PASS" start="2026-01-17T06:59:58.140784" elapsed="0.001117"/>
</kw>
<kw name="Open Browser" owner="SeleniumLibrary">
<msg time="2026-01-17T06:59:58.142495" level="INFO">Opening browser 'Chrome' to base url 'https://www.saucedemo.com'.</msg>
<arg>${config}[URL]</arg>
<arg>Chrome</arg>
<arg>options=${options}</arg>
<doc>Opens a new browser instance to the optional ``url``.</doc>
<status status="PASS" start="2026-01-17T06:59:58.142495" elapsed="2.384135"/>
</kw>
<kw name="Maximize Browser Window" owner="SeleniumLibrary">
<doc>Maximizes current browser window.</doc>
<status status="PASS" start="2026-01-17T07:00:00.526630" elapsed="0.035222"/>
</kw>
<kw name="Set Selenium Speed" owner="SeleniumLibrary">
<arg>0.3s</arg>
<doc>Sets the delay that is waited after each Selenium command.</doc>
<status status="PASS" start="2026-01-17T07:00:00.562856" elapsed="0.000999"/>
</kw>
<status status="PASS" start="2026-01-17T06:59:58.125522" elapsed="2.438333"/>
</kw>
<kw name="Login With Standard User" owner="keywords">
<kw name="Load Config" owner="keywords">
<if>
<branch type="IF" condition="$CONFIG_CACHE == {}">
<kw name="Get File" owner="OperatingSystem">
<var>${config_content}</var>
<arg>${CONFIG_FILE}</arg>
<doc>Returns the contents of a specified file.</doc>
<status status="NOT RUN" start="2026-01-17T07:00:00.567853" elapsed="0.000000"/>
</kw>
<kw name="Evaluate" owner="BuiltIn">
<var>${config}</var>
<arg>json.loads('''${config_content}''')</arg>
<arg>json</arg>
<doc>Evaluates the given expression in Python and returns the result.</doc>
<status status="NOT RUN" start="2026-01-17T07:00:00.567853" elapsed="0.000000"/>
</kw>
<kw name="Set Suite Variable" owner="BuiltIn">
<arg>&amp;{CONFIG_CACHE}</arg>
<arg>&amp;{config}</arg>
<doc>Makes a variable available everywhere within the scope of the current suite.</doc>
<status status="NOT RUN" start="2026-01-17T07:00:00.567853" elapsed="0.000997"/>
</kw>
<status status="NOT RUN" start="2026-01-17T07:00:00.566852" elapsed="0.001998"/>
</branch>
<status status="PASS" start="2026-01-17T07:00:00.566852" elapsed="0.001998"/>
</if>
<return>
<value>${CONFIG_CACHE}</value>
<status status="PASS" start="2026-01-17T07:00:00.568850" elapsed="0.000000"/>
</return>
<msg time="2026-01-17T07:00:00.568850" level="INFO">${config} = {'URL': 'https://www.saucedemo.com', 'BROWSER': 'chrome', 'USERNAME': 'standard_user', 'PASSWORD': 'secret_sauce'}</msg>
<var>${config}</var>
<status status="PASS" start="2026-01-17T07:00:00.565871" elapsed="0.003981"/>
</kw>
<kw name="Get Locator" owner="keywords">
<kw name="Load Locators" owner="keywords">
<if>
<branch type="IF" condition="$LOCATORS_CACHE == {}">
<kw name="Get File" owner="OperatingSystem">
<msg time="2026-01-17T07:00:00.572869" level="INFO" html="true">Getting file '&lt;a href="file://C:\Users\DELL\Desktop\automation saucedemo\automation-project-saucedemo\robot_tests\data\locators.json"&gt;C:\Users\DELL\Desktop\automation saucedemo\automation-project-saucedemo\robot_tests\data\locators.json&lt;/a&gt;'.</msg>
<msg time="2026-01-17T07:00:00.574363" level="INFO">${locators_content} = {
  "LOGIN_USER": "id:user-name",
  "LOGIN_PASSWORD": "id:password",
  "LOGIN_BUTTON": "id:login-button",

  "BURGER_MENU_BTN": "id:react-burger-menu-btn",
  "BURGER_MENU_CLOSE_BTN": "id:react-burger-...</msg>
<var>${locators_content}</var>
<arg>${LOCATORS_FILE}</arg>
<doc>Returns the contents of a specified file.</doc>
<status status="PASS" start="2026-01-17T07:00:00.571858" elapsed="0.002505"/>
</kw>
<kw name="Evaluate" owner="BuiltIn">
<msg time="2026-01-17T07:00:00.577661" level="INFO">${locators} = {'LOGIN_USER': 'id:user-name', 'LOGIN_PASSWORD': 'id:password', 'LOGIN_BUTTON': 'id:login-button', 'BURGER_MENU_BTN': 'id:react-burger-menu-btn', 'BURGER_MENU_CLOSE_BTN': 'id:react-burger-cross-btn', ...</msg>
<var>${locators}</var>
<arg>json.loads('''${locators_content}''')</arg>
<arg>json</arg>
<doc>Evaluates the given expression in Python and returns the result.</doc>
<status status="PASS" start="2026-01-17T07:00:00.574363" elapsed="0.003298"/>
</kw>
<kw name="Set Suite Variable" owner="BuiltIn">
<msg time="2026-01-17T07:00:00.577661" level="INFO">&amp;{LOCATORS_CACHE} = { LOGIN_USER=id:user-name | LOGIN_PASSWORD=id:password | LOGIN_BUTTON=id:login-button | BURGER_MENU_BTN=id:react-burger-menu-btn | BURGER_MENU_CLOSE_BTN=id:react-burger-cross-btn | MENU_ALL_ITEMS=id:i...</msg>
<arg>&amp;{LOCATORS_CACHE}</arg>
<arg>&amp;{locators}</arg>
<doc>Makes a variable available everywhere within the scope of the current suite.</doc>
<status status="PASS" start="2026-01-17T07:00:00.577661" elapsed="0.000000"/>
</kw>
<status status="PASS" start="2026-01-17T07:00:00.571858" elapsed="0.005803"/>
</branch>
<status status="PASS" start="2026-01-17T07:00:00.571858" elapsed="0.005803"/>
</if>
<return>
<value>${LOCATORS_CACHE}</value>
<status status="PASS" start="2026-01-17T07:00:00.577661" elapsed="0.000000"/>
</return>
<msg time="2026-01-17T07:00:00.577661" level="INFO">${locators} = {'LOGIN_USER': 'id:user-name', 'LOGIN_PASSWORD': 'id:password', 'LOGIN_BUTTON': 'id:login-button', 'BURGER_MENU_BTN': 'id:react-burger-menu-btn', 'BURGER_MENU_CLOSE_BTN': 'id:react-burger-cross-btn', ...</msg>
<var>${locators}</var>
<status status="PASS" start="2026-01-17T07:00:00.570851" elapsed="0.006810"/>
</kw>
<kw name="Set Variable" owner="BuiltIn">
<msg time="2026-01-17T07:00:00.577661" level="INFO">${locator} = id:user-name</msg>
<var>${locator}</var>
<arg>${locators}[${key}]</arg>
<doc>Returns the given values which can then be assigned to a variables.</doc>
<status status="PASS" start="2026-01-17T07:00:00.577661" elapsed="0.000000"/>
</kw>
<kw name="Evaluate" owner="BuiltIn">
<msg time="2026-01-17T07:00:00.577661" level="INFO">${colon_index} = 2</msg>
<var>${colon_index}</var>
<arg>'''${locator}'''.find(':')</arg>
<doc>Evaluates the given expression in Python and returns the result.</doc>
<status status="PASS" start="2026-01-17T07:00:00.577661" elapsed="0.000000"/>
</kw>
<if>
<branch type="IF" condition="${colon_index} &gt;= 0">
<kw name="Evaluate" owner="BuiltIn">
<msg time="2026-01-17T07:00:00.577661" level="INFO">${strategy} = id</msg>
<var>${strategy}</var>
<arg>'''${locator}'''[:${colon_index}]</arg>
<doc>Evaluates the given expression in Python and returns the result.</doc>
<status status="PASS" start="2026-01-17T07:00:00.577661" elapsed="0.000000"/>
</kw>
<kw name="Evaluate" owner="BuiltIn">
<msg time="2026-01-17T07:00:00.577661" level="INFO">${value} = user-name</msg>
<var>${value}</var>
<arg>'''${locator}'''[${colon_index + 1}:]</arg>
<doc>Evaluates the given expression in Python and returns the result.</doc>
<status status="PASS" start="2026-01-17T07:00:00.577661" elapsed="0.000000"/>
</kw>
<return>
<value>${strategy}</value>
<value>${value}</value>
<status status="PASS" start="2026-01-17T07:00:00.577661" elapsed="0.000000"/>
</return>
<status status="PASS" start="2026-01-17T07:00:00.577661" elapsed="0.000000"/>
</branch>
<branch type="ELSE">
<return>
<value>${EMPTY}</value>
<value>${locator}</value>
<status status="NOT RUN" start="2026-01-17T07:00:00.577661" elapsed="0.000000"/>
</return>
<status status="NOT RUN" start="2026-01-17T07:00:00.577661" elapsed="0.000000"/>
</branch>
<status status="PASS" start="2026-01-17T07:00:00.577661" elapsed="0.000000"/>
</if>
<msg time="2026-01-17T07:00:00.577661" level="INFO">${username_strategy} = id</msg>
<msg time="2026-01-17T07:00:00.577661" level="INFO">${username_value} = user-name</msg>
<var>${username_strategy}</var>
<var>${username_value}</var>
<arg>LOGIN_USER</arg>
<status status="PASS" start="2026-01-17T07:00:00.569852" elapsed="0.007809"/>
</kw>
<kw name="Get Locator" owner="keywords">
<kw name="Load Locators" owner="keywords">
<if>
<branch type="IF" condition="$LOCATORS_CACHE == {}">
<kw name="Get File" owner="OperatingSystem">
<var>${locators_content}</var>
<arg>${LOCATORS_FILE}</arg>
<doc>Returns the contents of a specified file.</doc>
<status status="NOT RUN" start="2026-01-17T07:00:00.592181" elapsed="0.000898"/>
</kw>
<kw name="Evaluate" owner="BuiltIn">
<var>${locators}</var>
<arg>json.loads('''${locators_content}''')</arg>
<arg>json</arg>
<doc>Evaluates the given expression in Python and returns the result.</doc>
<status status="NOT RUN" start="2026-01-17T07:00:00.593079" elapsed="0.000000"/>
</kw>
<kw name="Set Suite Variable" owner="BuiltIn">
<arg>&amp;{LOCATORS_CACHE}</arg>
<arg>&amp;{locators}</arg>
<doc>Makes a variable available everywhere within the scope of the current suite.</doc>
<status status="NOT RUN" start="2026-01-17T07:00:00.593079" elapsed="0.000000"/>
</kw>
<status status="NOT RUN" start="2026-01-17T07:00:00.591164" elapsed="0.001915"/>
</branch>
<status status="PASS" start="2026-01-17T07:00:00.591164" elapsed="0.001915"/>
</if>
<return>
<value>${LOCATORS_CACHE}</value>
<status status="PASS" start="2026-01-17T07:00:00.593079" elapsed="0.000000"/>
</return>
<msg time="2026-01-17T07:00:00.593079" level="INFO">${locators} = {'LOGIN_USER': 'id:user-name', 'LOGIN_PASSWORD': 'id:password', 'LOGIN_BUTTON': 'id:login-button', 'BURGER_MENU_BTN': 'id:react-burger-menu-btn', 'BURGER_MENU_CLOSE_BTN': 'id:react-burger-cross-btn', ...</msg>
<var>${locators}</var>
<status status="PASS" start="2026-01-17T07:00:00.589972" elapsed="0.003107"/>
</kw>
<kw name="Set Variable" owner="BuiltIn">
<msg time="2026-01-17T07:00:00.593079" level="INFO">${locator} = id:password</msg>
<var>${locator}</var>
<arg>${locators}[${key}]</arg>
<doc>Returns the given values which can then be assigned to a variables.</doc>
<status status="PASS" start="2026-01-17T07:00:00.593079" elapsed="0.000000"/>
</kw>
<kw name="Evaluate" owner="BuiltIn">
<msg time="2026-01-17T07:00:00.593079" level="INFO">${colon_index} = 2</msg>
<var>${colon_index}</var>
<arg>'''${locator}'''.find(':')</arg>
<doc>Evaluates the given expression in Python and returns the result.</doc>
<status status="PASS" start="2026-01-17T07:00:00.593079" elapsed="0.000000"/>
</kw>
<if>
<branch type="IF" condition="${colon_index} &gt;= 0">
<kw name="Evaluate" owner="BuiltIn">
<msg time="2026-01-17T07:00:00.593079" level="INFO">${strategy} = id</msg>
<var>${strategy}</var>
<arg>'''${locator}'''[:${colon_index}]</arg>
<doc>Evaluates the given expression in Python and returns the result.</doc>
<status status="PASS" start="2026-01-17T07:00:00.593079" elapsed="0.000000"/>
</kw>
<kw name="Evaluate" owner="BuiltIn">
<msg time="2026-01-17T07:00:00.593079" level="INFO">${value} = password</msg>
<var>${value}</var>
<arg>'''${locator}'''[${colon_index + 1}:]</arg>
<doc>Evaluates the given expression in Python and returns the result.</doc>
<status status="PASS" start="2026-01-17T07:00:00.593079" elapsed="0.000000"/>
</kw>
<return>
<value>${strategy}</value>
<value>${value}</value>
<status status="PASS" start="2026-01-17T07:00:00.593079" elapsed="0.000000"/>
</return>
<status status="PASS" start="2026-01-17T07:00:00.593079" elapsed="0.000000"/>
</branch>
<branch type="ELSE">
<return>
<value>${EMPTY}</value>
<value>${locator}</value>
<status status="NOT RUN" start="2026-01-17T07:00:00.593079" elapsed="0.000000"/>
</return>
<status status="NOT RUN" start="2026-01-17T07:00:00.593079" elapsed="0.000000"/>
</branch>
<status status="PASS" start="2026-01-17T07:00:00.593079" elapsed="0.000000"/>
</if>
<msg time="2026-01-17T07:00:00.593079" level="INFO">${password_strategy} = id</msg>
<msg time="2026-01-17T07:00:00.593079" level="INFO">${password_value} = password</msg>
<var>${password_strategy}</var>
<var>${password_value}</var>
<arg>LOGIN_PASSWORD</arg>
<status status="PASS" start="2026-01-17T07:00:00.589972" elapsed="0.003107"/>
</kw>
<kw name="Get Locator" owner="keywords">
<kw name="Load Locators" owner="keywords">
<if>
<branch type="IF" condition="$LOCATORS_CACHE == {}">
<kw name="Get File" owner="OperatingSystem">
<var>${locators_content}</var>
<arg>${LOCATORS_FILE}</arg>
<doc>Returns the contents of a specified file.</doc>
<status status="NOT RUN" start="2026-01-17T07:00:00.608708" elapsed="0.000000"/>
</kw>
<kw name="Evaluate" owner="BuiltIn">
<var>${locators}</var>
<arg>json.loads('''${locators_content}''')</arg>
<arg>json</arg>
<doc>Evaluates the given expression in Python and returns the result.</doc>
<status status="NOT RUN" start="2026-01-17T07:00:00.608708" elapsed="0.001105"/>
</kw>
<kw name="Set Suite Variable" owner="BuiltIn">
<arg>&amp;{LOCATORS_CACHE}</arg>
<arg>&amp;{locators}</arg>
<doc>Makes a variable available everywhere within the scope of the current suite.</doc>
<status status="NOT RUN" start="2026-01-17T07:00:00.609813" elapsed="0.000000"/>
</kw>
<status status="NOT RUN" start="2026-01-17T07:00:00.607698" elapsed="0.002115"/>
</branch>
<status status="PASS" start="2026-01-17T07:00:00.607698" elapsed="0.002115"/>
</if>
<return>
<value>${LOCATORS_CACHE}</value>
<status status="PASS" start="2026-01-17T07:00:00.609813" elapsed="0.000000"/>
</return>
<msg time="2026-01-17T07:00:00.610818" level="INFO">${locators} = {'LOGIN_USER': 'id:user-name', 'LOGIN_PASSWORD': 'id:password', 'LOGIN_BUTTON': 'id:login-button', 'BURGER_MENU_BTN': 'id:react-burger-menu-btn', 'BURGER_MENU_CLOSE_BTN': 'id:react-burger-cross-btn', ...</msg>
<var>${locators}</var>
<status status="PASS" start="2026-01-17T07:00:00.593079" elapsed="0.017739"/>
</kw>
<kw name="Set Variable" owner="BuiltIn">
<msg time="2026-01-17T07:00:00.611805" level="INFO">${locator} = id:login-button</msg>
<var>${locator}</var>
<arg>${locators}[${key}]</arg>
<doc>Returns the given values which can then be assigned to a variables.</doc>
<status status="PASS" start="2026-01-17T07:00:00.610818" elapsed="0.000987"/>
</kw>
<kw name="Evaluate" owner="BuiltIn">
<msg time="2026-01-17T07:00:00.613820" level="INFO">${colon_index} = 2</msg>
<var>${colon_index}</var>
<arg>'''${locator}'''.find(':')</arg>
<doc>Evaluates the given expression in Python and returns the result.</doc>
<status status="PASS" start="2026-01-17T07:00:00.612819" elapsed="0.001001"/>
</kw>
<if>
<branch type="IF" condition="${colon_index} &gt;= 0">
<kw name="Evaluate" owner="BuiltIn">
<msg time="2026-01-17T07:00:00.614848" level="INFO">${strategy} = id</msg>
<var>${strategy}</var>
<arg>'''${locator}'''[:${colon_index}]</arg>
<doc>Evaluates the given expression in Python and returns the result.</doc>
<status status="PASS" start="2026-01-17T07:00:00.613820" elapsed="0.001028"/>
</kw>
<kw name="Evaluate" owner="BuiltIn">
<msg time="2026-01-17T07:00:00.616843" level="INFO">${value} = login-button</msg>
<var>${value}</var>
<arg>'''${locator}'''[${colon_index + 1}:]</arg>
<doc>Evaluates the given expression in Python and returns the result.</doc>
<status status="PASS" start="2026-01-17T07:00:00.615846" elapsed="0.000997"/>
</kw>
<return>
<value>${strategy}</value>
<value>${value}</value>
<status status="PASS" start="2026-01-17T07:00:00.617804" elapsed="0.000000"/>
</return>
<status status="PASS" start="2026-01-17T07:00:00.613820" elapsed="0.003984"/>
</branch>
<branch type="ELSE">
<return>
<value>${EMPTY}</value>
<value>${locator}</value>
<status status="NOT RUN" start="2026-01-17T07:00:00.617804" elapsed="0.000000"/>
</return>
<status status="NOT RUN" start="2026-01-17T07:00:00.617804" elapsed="0.000000"/>
</branch>
<status status="PASS" start="2026-01-17T07:00:00.613820" elapsed="0.003984"/>
</if>
<msg time="2026-01-17T07:00:00.617804" level="INFO">${button_strategy} = id</msg>
<msg time="2026-01-17T07:00:00.618842" level="INFO">${button_value} = login-button</msg>
<var>${button_strategy}</var>
<var>${button_value}</var>
<arg>LOGIN_BUTTON</arg>
<status status="PASS" start="2026-01-17T07:00:00.593079" elapsed="0.025763"/>
</kw>
<kw name="Get Locator" owner="keywords">
<kw name="Load Locators" owner="keywords">
<if>
<branch type="IF" condition="$LOCATORS_CACHE == {}">
<kw name="Get File" owner="OperatingSystem">
<var>${locators_content}</var>
<arg>${LOCATORS_FILE}</arg>
<doc>Returns the contents of a specified file.</doc>
<status status="NOT RUN" start="2026-01-17T07:00:00.620805" elapsed="0.000000"/>
</kw>
<kw name="Evaluate" owner="BuiltIn">
<var>${locators}</var>
<arg>json.loads('''${locators_content}''')</arg>
<arg>json</arg>
<doc>Evaluates the given expression in Python and returns the result.</doc>
<status status="NOT RUN" start="2026-01-17T07:00:00.620805" elapsed="0.000000"/>
</kw>
<kw name="Set Suite Variable" owner="BuiltIn">
<arg>&amp;{LOCATORS_CACHE}</arg>
<arg>&amp;{locators}</arg>
<doc>Makes a variable available everywhere within the scope of the current suite.</doc>
<status status="NOT RUN" start="2026-01-17T07:00:00.621813" elapsed="0.000000"/>
</kw>
<status status="NOT RUN" start="2026-01-17T07:00:00.619844" elapsed="0.001969"/>
</branch>
<status status="PASS" start="2026-01-17T07:00:00.619844" elapsed="0.001969"/>
</if>
<return>
<value>${LOCATORS_CACHE}</value>
<status status="PASS" start="2026-01-17T07:00:00.621813" elapsed="0.000000"/>
</return>
<msg time="2026-01-17T07:00:00.622846" level="INFO">${locators} = {'LOGIN_USER': 'id:user-name', 'LOGIN_PASSWORD': 'id:password', 'LOGIN_BUTTON': 'id:login-button', 'BURGER_MENU_BTN': 'id:react-burger-menu-btn', 'BURGER_MENU_CLOSE_BTN': 'id:react-burger-cross-btn', ...</msg>
<var>${locators}</var>
<status status="PASS" start="2026-01-17T07:00:00.619844" elapsed="0.003002"/>
</kw>
<kw name="Set Variable" owner="BuiltIn">
<msg time="2026-01-17T07:00:00.624342" level="INFO">${locator} = Products</msg>
<var>${locator}</var>
<arg>${locators}[${key}]</arg>
<doc>Returns the given values which can then be assigned to a variables.</doc>
<status status="PASS" start="2026-01-17T07:00:00.622846" elapsed="0.001496"/>
</kw>
<kw name="Evaluate" owner="BuiltIn">
<msg time="2026-01-17T07:00:00.626194" level="INFO">${colon_index} = -1</msg>
<var>${colon_index}</var>
<arg>'''${locator}'''.find(':')</arg>
<doc>Evaluates the given expression in Python and returns the result.</doc>
<status status="PASS" start="2026-01-17T07:00:00.624342" elapsed="0.001852"/>
</kw>
<if>
<branch type="IF" condition="${colon_index} &gt;= 0">
<kw name="Evaluate" owner="BuiltIn">
<var>${strategy}</var>
<arg>'''${locator}'''[:${colon_index}]</arg>
<doc>Evaluates the given expression in Python and returns the result.</doc>
<status status="NOT RUN" start="2026-01-17T07:00:00.626194" elapsed="0.000000"/>
</kw>
<kw name="Evaluate" owner="BuiltIn">
<var>${value}</var>
<arg>'''${locator}'''[${colon_index + 1}:]</arg>
<doc>Evaluates the given expression in Python and returns the result.</doc>
<status status="NOT RUN" start="2026-01-17T07:00:00.626194" elapsed="0.000000"/>
</kw>
<return>
<value>${strategy}</value>
<value>${value}</value>
<status status="NOT RUN" start="2026-01-17T07:00:00.626194" elapsed="0.000000"/>
</return>
<status status="NOT RUN" start="2026-01-17T07:00:00.626194" elapsed="0.000000"/>
</branch>
<branch type="ELSE">
<return>
<value>${EMPTY}</value>
<value>${locator}</value>
<status status="PASS" start="2026-01-17T07:00:00.626194" elapsed="0.000000"/>
</return>
<status status="PASS" start="2026-01-17T07:00:00.626194" elapsed="0.000000"/>
</branch>
<status status="PASS" start="2026-01-17T07:00:00.626194" elapsed="0.000000"/>
</if>
<msg time="2026-01-17T07:00:00.626194" level="INFO">${products_text} = ['', 'Products']</msg>
<var>${products_text}</var>
<arg>PRODUCTS_PAGE_TEXT</arg>
<status status="PASS" start="2026-01-17T07:00:00.618842" elapsed="0.007352"/>
</kw>
<kw name="Input Text" owner="SeleniumLibrary">
<msg time="2026-01-17T07:00:00.626194" level="INFO">Typing text 'standard_user' into text field 'id:user-name'.</msg>
<arg>${username_strategy}:${username_value}</arg>
<arg>${config}[USERNAME]</arg>
<doc>Types the given ``text`` into the text field identified by ``locator``.</doc>
<status status="PASS" start="2026-01-17T07:00:00.626194" elapsed="1.162195"/>
</kw>
<kw name="Input Text" owner="SeleniumLibrary">
<msg time="2026-01-17T07:00:01.790408" level="INFO">Typing text 'secret_sauce' into text field 'id:password'.</msg>
<arg>${password_strategy}:${password_value}</arg>
<arg>${config}[PASSWORD]</arg>
<doc>Types the given ``text`` into the text field identified by ``locator``.</doc>
<status status="PASS" start="2026-01-17T07:00:01.788389" elapsed="1.094207"/>
</kw>
<kw name="Click Button" owner="SeleniumLibrary">
<msg time="2026-01-17T07:00:02.883107" level="INFO">Clicking button 'id:login-button'.</msg>
<arg>${button_strategy}:${button_value}</arg>
<doc>Clicks the button identified by ``locator``.</doc>
<status status="PASS" start="2026-01-17T07:00:02.883107" elapsed="1.163570"/>
</kw>
<kw name="Wait Until Page Contains" owner="SeleniumLibrary">
<arg>${products_text[1]}</arg>
<doc>Waits until ``text`` appears on the current page.</doc>
<status status="PASS" start="2026-01-17T07:00:04.046677" elapsed="0.330204"/>
</kw>
<status status="PASS" start="2026-01-17T07:00:00.564859" elapsed="3.812022"/>
</kw>
<kw name="Open Burger Menu" owner="keywords">
<kw name="Close Burger Menu If Open" owner="keywords">
<kw name="Get Locator" owner="keywords">
<kw name="Load Locators" owner="keywords">
<if>
<branch type="IF" condition="$LOCATORS_CACHE == {}">
<kw name="Get File" owner="OperatingSystem">
<var>${locators_content}</var>
<arg>${LOCATORS_FILE}</arg>
<doc>Returns the contents of a specified file.</doc>
<status status="NOT RUN" start="2026-01-17T07:00:04.379915" elapsed="0.000000"/>
</kw>
<kw name="Evaluate" owner="BuiltIn">
<var>${locators}</var>
<arg>json.loads('''${locators_content}''')</arg>
<arg>json</arg>
<doc>Evaluates the given expression in Python and returns the result.</doc>
<status status="NOT RUN" start="2026-01-17T07:00:04.379915" elapsed="0.000000"/>
</kw>
<kw name="Set Suite Variable" owner="BuiltIn">
<arg>&amp;{LOCATORS_CACHE}</arg>
<arg>&amp;{locators}</arg>
<doc>Makes a variable available everywhere within the scope of the current suite.</doc>
<status status="NOT RUN" start="2026-01-17T07:00:04.379915" elapsed="0.000000"/>
</kw>
<status status="NOT RUN" start="2026-01-17T07:00:04.379915" elapsed="0.000000"/>
</branch>
<status status="PASS" start="2026-01-17T07:00:04.379915" elapsed="0.000000"/>
</if>
<return>
<value>${LOCATORS_CACHE}</value>
<status status="PASS" start="2026-01-17T07:00:04.379915" elapsed="0.000000"/>
</return>
<msg time="2026-01-17T07:00:04.379915" level="INFO">${locators} = {'LOGIN_USER': 'id:user-name', 'LOGIN_PASSWORD': 'id:password', 'LOGIN_BUTTON': 'id:login-button', 'BURGER_MENU_BTN': 'id:react-burger-menu-btn', 'BURGER_MENU_CLOSE_BTN': 'id:react-burger-cross-btn', ...</msg>
<var>${locators}</var>
<status status="PASS" start="2026-01-17T07:00:04.379915" elapsed="0.000000"/>
</kw>
<kw name="Set Variable" owner="BuiltIn">
<msg time="2026-01-17T07:00:04.379915" level="INFO">${locator} = id:react-burger-cross-btn</msg>
<var>${locator}</var>
<arg>${locators}[${key}]</arg>
<doc>Returns the given values which can then be assigned to a variables.</doc>
<status status="PASS" start="2026-01-17T07:00:04.379915" elapsed="0.000000"/>
</kw>
<kw name="Evaluate" owner="BuiltIn">
<msg time="2026-01-17T07:00:04.379915" level="INFO">${colon_index} = 2</msg>
<var>${colon_index}</var>
<arg>'''${locator}'''.find(':')</arg>
<doc>Evaluates the given expression in Python and returns the result.</doc>
<status status="PASS" start="2026-01-17T07:00:04.379915" elapsed="0.000000"/>
</kw>
<if>
<branch type="IF" condition="${colon_index} &gt;= 0">
<kw name="Evaluate" owner="BuiltIn">
<msg time="2026-01-17T07:00:04.379915" level="INFO">${strategy} = id</msg>
<var>${strategy}</var>
<arg>'''${locator}'''[:${colon_index}]</arg>
<doc>Evaluates the given expression in Python and returns the result.</doc>
<status status="PASS" start="2026-01-17T07:00:04.379915" elapsed="0.000000"/>
</kw>
<kw name="Evaluate" owner="BuiltIn">
<msg time="2026-01-17T07:00:04.379915" level="INFO">${value} = react-burger-cross-btn</msg>
<var>${value}</var>
<arg>'''${locator}'''[${colon_index + 1}:]</arg>
<doc>Evaluates the given expression in Python and returns the result.</doc>
<status status="PASS" start="2026-01-17T07:00:04.379915" elapsed="0.000000"/>
</kw>
<return>
<value>${strategy}</value>
<value>${value}</value>
<status status="PASS" start="2026-01-17T07:00:04.379915" elapsed="0.000000"/>
</return>
<status status="PASS" start="2026-01-17T07:00:04.379915" elapsed="0.000000"/>
</branch>
<branch type="ELSE">
<return>
<value>${EMPTY}</value>
<value>${locator}</value>
<status status="NOT RUN" start="2026-01-17T07:00:04.379915" elapsed="0.000000"/>
</return>
<status status="NOT RUN" start="2026-01-17T07:00:04.379915" elapsed="0.000000"/>
</branch>
<status status="PASS" start="2026-01-17T07:00:04.379915" elapsed="0.000000"/>
</if>
<msg time="2026-01-17T07:00:04.379915" level="INFO">${close_btn_strategy} = id</msg>
<msg time="2026-01-17T07:00:04.379915" level="INFO">${close_btn_value} = react-burger-cross-btn</msg>
<var>${close_btn_strategy}</var>
<var>${close_btn_value}</var>
<arg>BURGER_MENU_CLOSE_BTN</arg>
<status status="PASS" start="2026-01-17T07:00:04.379915" elapsed="0.000000"/>
</kw>
<kw name="Run Keyword And Return Status" owner="BuiltIn">
<kw name="Element Should Be Visible" owner="SeleniumLibrary">
<msg time="2026-01-17T07:00:05.441777" level="INFO" html="true">&lt;/td&gt;&lt;/tr&gt;&lt;tr&gt;&lt;td colspan="3"&gt;&lt;a href="selenium-screenshot-44.png"&gt;&lt;img src="selenium-screenshot-44.png" width="800px"&gt;&lt;/a&gt;</msg>
<msg time="2026-01-17T07:00:05.441777" level="FAIL">The element 'id:react-burger-cross-btn' should be visible, but it is not.</msg>
<arg>${close_btn_strategy}:${close_btn_value}</arg>
<doc>Verifies that the element identified by ``locator`` is visible.</doc>
<status status="FAIL" start="2026-01-17T07:00:04.379915" elapsed="1.066155">The element 'id:react-burger-cross-btn' should be visible, but it is not.</status>
</kw>
<msg time="2026-01-17T07:00:05.447085" level="INFO">${is_visible} = False</msg>
<var>${is_visible}</var>
<arg>Element Should Be Visible</arg>
<arg>${close_btn_strategy}:${close_btn_value}</arg>
<doc>Runs the specified keyword and returns the status as a Boolean value.</doc>
<status status="PASS" start="2026-01-17T07:00:04.379915" elapsed="1.067170"/>
</kw>
<kw name="Run Keyword If" owner="BuiltIn">
<arg>${is_visible}</arg>
<arg>Click Element</arg>
<arg>${close_btn_strategy}:${close_btn_value}</arg>
<doc>Runs the given keyword with the given arguments, if ``condition`` is true.</doc>
<status status="PASS" start="2026-01-17T07:00:05.447085" elapsed="0.000000"/>
</kw>
<status status="PASS" start="2026-01-17T07:00:04.376881" elapsed="1.070204"/>
</kw>
<kw name="Get Locator" owner="keywords">
<kw name="Load Locators" owner="keywords">
<if>
<branch type="IF" condition="$LOCATORS_CACHE == {}">
<kw name="Get File" owner="OperatingSystem">
<var>${locators_content}</var>
<arg>${LOCATORS_FILE}</arg>
<doc>Returns the contents of a specified file.</doc>
<status status="NOT RUN" start="2026-01-17T07:00:05.450101" elapsed="0.000000"/>
</kw>
<kw name="Evaluate" owner="BuiltIn">
<var>${locators}</var>
<arg>json.loads('''${locators_content}''')</arg>
<arg>json</arg>
<doc>Evaluates the given expression in Python and returns the result.</doc>
<status status="NOT RUN" start="2026-01-17T07:00:05.450101" elapsed="0.000000"/>
</kw>
<kw name="Set Suite Variable" owner="BuiltIn">
<arg>&amp;{LOCATORS_CACHE}</arg>
<arg>&amp;{locators}</arg>
<doc>Makes a variable available everywhere within the scope of the current suite.</doc>
<status status="NOT RUN" start="2026-01-17T07:00:05.450101" elapsed="0.000000"/>
</kw>
<status status="NOT RUN" start="2026-01-17T07:00:05.449112" elapsed="0.000989"/>
</branch>
<status status="PASS" start="2026-01-17T07:00:05.449112" elapsed="0.000989"/>
</if>
<return>
<value>${LOCATORS_CACHE}</value>
<status status="PASS" start="2026-01-17T07:00:05.451099" elapsed="0.000000"/>
</return>
<msg time="2026-01-17T07:00:05.451099" level="INFO">${locators} = {'LOGIN_USER': 'id:user-name', 'LOGIN_PASSWORD': 'id:password', 'LOGIN_BUTTON': 'id:login-button', 'BURGER_MENU_BTN': 'id:react-burger-menu-btn', 'BURGER_MENU_CLOSE_BTN': 'id:react-burger-cross-btn', ...</msg>
<var>${locators}</var>
<status status="PASS" start="2026-01-17T07:00:05.449112" elapsed="0.001987"/>
</kw>
<kw name="Set Variable" owner="BuiltIn">
<msg time="2026-01-17T07:00:05.452107" level="INFO">${locator} = id:react-burger-menu-btn</msg>
<var>${locator}</var>
<arg>${locators}[${key}]</arg>
<doc>Returns the given values which can then be assigned to a variables.</doc>
<status status="PASS" start="2026-01-17T07:00:05.451099" elapsed="0.001008"/>
</kw>
<kw name="Evaluate" owner="BuiltIn">
<msg time="2026-01-17T07:00:05.453104" level="INFO">${colon_index} = 2</msg>
<var>${colon_index}</var>
<arg>'''${locator}'''.find(':')</arg>
<doc>Evaluates the given expression in Python and returns the result.</doc>
<status status="PASS" start="2026-01-17T07:00:05.452107" elapsed="0.000997"/>
</kw>
<if>
<branch type="IF" condition="${colon_index} &gt;= 0">
<kw name="Evaluate" owner="BuiltIn">
<msg time="2026-01-17T07:00:05.454107" level="INFO">${strategy} = id</msg>
<var>${strategy}</var>
<arg>'''${locator}'''[:${colon_index}]</arg>
<doc>Evaluates the given expression in Python and returns the result.</doc>
<status status="PASS" start="2026-01-17T07:00:05.454107" elapsed="0.000000"/>
</kw>
<kw name="Evaluate" owner="BuiltIn">
<msg time="2026-01-17T07:00:05.456100" level="INFO">${value} = react-burger-menu-btn</msg>
<var>${value}</var>
<arg>'''${locator}'''[${colon_index + 1}:]</arg>
<doc>Evaluates the given expression in Python and returns the result.</doc>
<status status="PASS" start="2026-01-17T07:00:05.455107" elapsed="0.000993"/>
</kw>
<return>
<value>${strategy}</value>
<value>${value}</value>
<status status="PASS" start="2026-01-17T07:00:05.456100" elapsed="0.000000"/>
</return>
<status status="PASS" start="2026-01-17T07:00:05.453104" elapsed="0.002996"/>
</branch>
<branch type="ELSE">
<return>
<value>${EMPTY}</value>
<value>${locator}</value>
<status status="NOT RUN" start="2026-01-17T07:00:05.457106" elapsed="0.000000"/>
</return>
<status status="NOT RUN" start="2026-01-17T07:00:05.457106" elapsed="0.000000"/>
</branch>
<status status="PASS" start="2026-01-17T07:00:05.453104" elapsed="0.004002"/>
</if>
<msg time="2026-01-17T07:00:05.457106" level="INFO">${menu_btn_strategy} = id</msg>
<msg time="2026-01-17T07:00:05.457106" level="INFO">${menu_btn_value} = react-burger-menu-btn</msg>
<var>${menu_btn_strategy}</var>
<var>${menu_btn_value}</var>
<arg>BURGER_MENU_BTN</arg>
<status status="PASS" start="2026-01-17T07:00:05.448102" elapsed="0.009004"/>
</kw>
<kw name="Wait Until Element Is Visible" owner="SeleniumLibrary">
<arg>${menu_btn_strategy}:${menu_btn_value}</arg>
<arg>timeout=5s</arg>
<doc>Waits until the element ``locator`` is visible.</doc>
<status status="PASS" start="2026-01-17T07:00:05.457106" elapsed="0.645692"/>
</kw>
<kw name="Wait Until Element Is Enabled" owner="SeleniumLibrary">
<arg>${menu_btn_strategy}:${menu_btn_value}</arg>
<arg>timeout=5s</arg>
<doc>Waits until the element ``locator`` is enabled.</doc>
<status status="PASS" start="2026-01-17T07:00:06.102798" elapsed="0.949900"/>
</kw>
<kw name="Sleep" owner="BuiltIn">
<msg time="2026-01-17T07:00:07.353814" level="INFO">Slept 300 milliseconds.</msg>
<arg>0.3s</arg>
<doc>Pauses the test executed for the given time.</doc>
<status status="PASS" start="2026-01-17T07:00:07.053317" elapsed="0.300497"/>
</kw>
<kw name="Click Element" owner="SeleniumLibrary">
<msg time="2026-01-17T07:00:07.353814" level="INFO">Clicking element 'id:react-burger-menu-btn'.</msg>
<arg>${menu_btn_strategy}:${menu_btn_value}</arg>
<doc>Click the element identified by ``locator``.</doc>
<status status="PASS" start="2026-01-17T07:00:07.353814" elapsed="0.740466"/>
</kw>
<status status="PASS" start="2026-01-17T07:00:04.376881" elapsed="3.717399"/>
</kw>
<kw name="Click About And Verify Saucelabs Page" owner="keywords">
<kw name="Click Burger Menu Option" owner="keywords">
<kw name="Get Locator" owner="keywords">
<kw name="Load Locators" owner="keywords">
<if>
<branch type="IF" condition="$LOCATORS_CACHE == {}">
<kw name="Get File" owner="OperatingSystem">
<var>${locators_content}</var>
<arg>${LOCATORS_FILE}</arg>
<doc>Returns the contents of a specified file.</doc>
<status status="NOT RUN" start="2026-01-17T07:00:08.094280" elapsed="0.000000"/>
</kw>
<kw name="Evaluate" owner="BuiltIn">
<var>${locators}</var>
<arg>json.loads('''${locators_content}''')</arg>
<arg>json</arg>
<doc>Evaluates the given expression in Python and returns the result.</doc>
<status status="NOT RUN" start="2026-01-17T07:00:08.094280" elapsed="0.000000"/>
</kw>
<kw name="Set Suite Variable" owner="BuiltIn">
<arg>&amp;{LOCATORS_CACHE}</arg>
<arg>&amp;{locators}</arg>
<doc>Makes a variable available everywhere within the scope of the current suite.</doc>
<status status="NOT RUN" start="2026-01-17T07:00:08.094280" elapsed="0.000000"/>
</kw>
<status status="NOT RUN" start="2026-01-17T07:00:08.094280" elapsed="0.000000"/>
</branch>
<status status="PASS" start="2026-01-17T07:00:08.094280" elapsed="0.000000"/>
</if>
<return>
<value>${LOCATORS_CACHE}</value>
<status status="PASS" start="2026-01-17T07:00:08.094280" elapsed="0.000000"/>
</return>
<msg time="2026-01-17T07:00:08.094280" level="INFO">${locators} = {'LOGIN_USER': 'id:user-name', 'LOGIN_PASSWORD': 'id:password', 'LOGIN_BUTTON': 'id:login-button', 'BURGER_MENU_BTN': 'id:react-burger-menu-btn', 'BURGER_MENU_CLOSE_BTN': 'id:react-burger-cross-btn', ...</msg>
<var>${locators}</var>
<status status="PASS" start="2026-01-17T07:00:08.094280" elapsed="0.000000"/>
</kw>
<kw name="Set Variable" owner="BuiltIn">
<msg time="2026-01-17T07:00:08.094280" level="INFO">${locator} = id:about_sidebar_link</msg>
<var>${locator}</var>
<arg>${locators}[${key}]</arg>
<doc>Returns the given values which can then be assigned to a variables.</doc>
<status status="PASS" start="2026-01-17T07:00:08.094280" elapsed="0.000000"/>
</kw>
<kw name="Evaluate" owner="BuiltIn">
<msg time="2026-01-17T07:00:08.094280" level="INFO">${colon_index} = 2</msg>
<var>${colon_index}</var>
<arg>'''${locator}'''.find(':')</arg>
<doc>Evaluates the given expression in Python and returns the result.</doc>
<status status="PASS" start="2026-01-17T07:00:08.094280" elapsed="0.000000"/>
</kw>
<if>
<branch type="IF" condition="${colon_index} &gt;= 0">
<kw name="Evaluate" owner="BuiltIn">
<msg time="2026-01-17T07:00:08.094280" level="INFO">${strategy} = id</msg>
<var>${strategy}</var>
<arg>'''${locator}'''[:${colon_index}]</arg>
<doc>Evaluates the given expression in Python and returns the result.</doc>
<status status="PASS" start="2026-01-17T07:00:08.094280" elapsed="0.000000"/>
</kw>
<kw name="Evaluate" owner="BuiltIn">
<msg time="2026-01-17T07:00:08.094280" level="INFO">${value} = about_sidebar_link</msg>
<var>${value}</var>
<arg>'''${locator}'''[${colon_index + 1}:]</arg>
<doc>Evaluates the given expression in Python and returns the result.</doc>
<status status="PASS" start="2026-01-17T07:00:08.094280" elapsed="0.011371"/>
</kw>
<return>
<value>${strategy}</value>
<value>${value}</value>
<status status="PASS" start="2026-01-17T07:00:08.105651" elapsed="0.000526"/>
</return>
<status status="PASS" start="2026-01-17T07:00:08.094280" elapsed="0.011897"/>
</branch>
<branch type="ELSE">
<return>
<value>${EMPTY}</value>
<value>${locator}</value>
<status status="NOT RUN" start="2026-01-17T07:00:08.106667" elapsed="0.000000"/>
</return>
<status status="NOT RUN" start="2026-01-17T07:00:08.106667" elapsed="0.000000"/>
</branch>
<status status="PASS" start="2026-01-17T07:00:08.094280" elapsed="0.012387"/>
</if>
<msg time="2026-01-17T07:00:08.106667" level="INFO">${option_strategy} = id</msg>
<msg time="2026-01-17T07:00:08.106667" level="INFO">${option_value} = about_sidebar_link</msg>
<var>${option_strategy}</var>
<var>${option_value}</var>
<arg>${option_key}</arg>
<status status="PASS" start="2026-01-17T07:00:08.094280" elapsed="0.012387"/>
</kw>
<kw name="Open Burger Menu" owner="keywords">
<kw name="Close Burger Menu If Open" owner="keywords">
<kw name="Get Locator" owner="keywords">
<kw name="Load Locators" owner="keywords">
<if>
<branch type="IF" condition="$LOCATORS_CACHE == {}">
<kw name="Get File" owner="OperatingSystem">
<var>${locators_content}</var>
<arg>${LOCATORS_FILE}</arg>
<doc>Returns the contents of a specified file.</doc>
<status status="NOT RUN" start="2026-01-17T07:00:08.111325" elapsed="0.000000"/>
</kw>
<kw name="Evaluate" owner="BuiltIn">
<var>${locators}</var>
<arg>json.loads('''${locators_content}''')</arg>
<arg>json</arg>
<doc>Evaluates the given expression in Python and returns the result.</doc>
<status status="NOT RUN" start="2026-01-17T07:00:08.111325" elapsed="0.000000"/>
</kw>
<kw name="Set Suite Variable" owner="BuiltIn">
<arg>&amp;{LOCATORS_CACHE}</arg>
<arg>&amp;{locators}</arg>
<doc>Makes a variable available everywhere within the scope of the current suite.</doc>
<status status="NOT RUN" start="2026-01-17T07:00:08.111325" elapsed="0.000000"/>
</kw>
<status status="NOT RUN" start="2026-01-17T07:00:08.111325" elapsed="0.000000"/>
</branch>
<status status="PASS" start="2026-01-17T07:00:08.111325" elapsed="0.000000"/>
</if>
<return>
<value>${LOCATORS_CACHE}</value>
<status status="PASS" start="2026-01-17T07:00:08.111325" elapsed="0.000000"/>
</return>
<msg time="2026-01-17T07:00:08.111325" level="INFO">${locators} = {'LOGIN_USER': 'id:user-name', 'LOGIN_PASSWORD': 'id:password', 'LOGIN_BUTTON': 'id:login-button', 'BURGER_MENU_BTN': 'id:react-burger-menu-btn', 'BURGER_MENU_CLOSE_BTN': 'id:react-burger-cross-btn', ...</msg>
<var>${locators}</var>
<status status="PASS" start="2026-01-17T07:00:08.111325" elapsed="0.000000"/>
</kw>
<kw name="Set Variable" owner="BuiltIn">
<msg time="2026-01-17T07:00:08.111325" level="INFO">${locator} = id:react-burger-cross-btn</msg>
<var>${locator}</var>
<arg>${locators}[${key}]</arg>
<doc>Returns the given values which can then be assigned to a variables.</doc>
<status status="PASS" start="2026-01-17T07:00:08.111325" elapsed="0.000000"/>
</kw>
<kw name="Evaluate" owner="BuiltIn">
<msg time="2026-01-17T07:00:08.111325" level="INFO">${colon_index} = 2</msg>
<var>${colon_index}</var>
<arg>'''${locator}'''.find(':')</arg>
<doc>Evaluates the given expression in Python and returns the result.</doc>
<status status="PASS" start="2026-01-17T07:00:08.111325" elapsed="0.000000"/>
</kw>
<if>
<branch type="IF" condition="${colon_index} &gt;= 0">
<kw name="Evaluate" owner="BuiltIn">
<msg time="2026-01-17T07:00:08.111325" level="INFO">${strategy} = id</msg>
<var>${strategy}</var>
<arg>'''${locator}'''[:${colon_index}]</arg>
<doc>Evaluates the given expression in Python and returns the result.</doc>
<status status="PASS" start="2026-01-17T07:00:08.111325" elapsed="0.000000"/>
</kw>
<kw name="Evaluate" owner="BuiltIn">
<msg time="2026-01-17T07:00:08.121939" level="INFO">${value} = react-burger-cross-btn</msg>
<var>${value}</var>
<arg>'''${locator}'''[${colon_index + 1}:]</arg>
<doc>Evaluates the given expression in Python and returns the result.</doc>
<status status="PASS" start="2026-01-17T07:00:08.111325" elapsed="0.010614"/>
</kw>
<return>
<value>${strategy}</value>
<value>${value}</value>
<status status="PASS" start="2026-01-17T07:00:08.123914" elapsed="0.000000"/>
</return>
<status status="PASS" start="2026-01-17T07:00:08.111325" elapsed="0.012589"/>
</branch>
<branch type="ELSE">
<return>
<value>${EMPTY}</value>
<value>${locator}</value>
<status status="NOT RUN" start="2026-01-17T07:00:08.123914" elapsed="0.000000"/>
</return>
<status status="NOT RUN" start="2026-01-17T07:00:08.123914" elapsed="0.000000"/>
</branch>
<status status="PASS" start="2026-01-17T07:00:08.111325" elapsed="0.012589"/>
</if>
<msg time="2026-01-17T07:00:08.123914" level="INFO">${close_btn_strategy} = id</msg>
<msg time="2026-01-17T07:00:08.123914" level="INFO">${close_btn_value} = react-burger-cross-btn</msg>
<var>${close_btn_strategy}</var>
<var>${close_btn_value}</var>
<arg>BURGER_MENU_CLOSE_BTN</arg>
<status status="PASS" start="2026-01-17T07:00:08.106667" elapsed="0.017247"/>
</kw>
<kw name="Run Keyword And Return Status" owner="BuiltIn">
<kw name="Element Should Be Visible" owner="SeleniumLibrary">
<msg time="2026-01-17T07:00:08.762216" level="INFO">Element 'id:react-burger-cross-btn' is displayed.</msg>
<arg>${close_btn_strategy}:${close_btn_value}</arg>
<doc>Verifies that the element identified by ``locator`` is visible.</doc>
<status status="PASS" start="2026-01-17T07:00:08.123914" elapsed="0.638302"/>
</kw>
<msg time="2026-01-17T07:00:08.762216" level="INFO">${is_visible} = True</msg>
<var>${is_visible}</var>
<arg>Element Should Be Visible</arg>
<arg>${close_btn_strategy}:${close_btn_value}</arg>
<doc>Runs the specified keyword and returns the status as a Boolean value.</doc>
<status status="PASS" start="2026-01-17T07:00:08.123914" elapsed="0.638302"/>
</kw>
<kw name="Run Keyword If" owner="BuiltIn">
<kw name="Click Element" owner="SeleniumLibrary">
<msg time="2026-01-17T07:00:08.762216" level="INFO">Clicking element 'id:react-burger-cross-btn'.</msg>
<arg>${close_btn_strategy}:${close_btn_value}</arg>
<doc>Click the element identified by ``locator``.</doc>
<status status="PASS" start="2026-01-17T07:00:08.762216" elapsed="0.738839"/>
</kw>
<arg>${is_visible}</arg>
<arg>Click Element</arg>
<arg>${close_btn_strategy}:${close_btn_value}</arg>
<doc>Runs the given keyword with the given arguments, if ``condition`` is true.</doc>
<status status="PASS" start="2026-01-17T07:00:08.762216" elapsed="0.738839"/>
</kw>
<status status="PASS" start="2026-01-17T07:00:08.106667" elapsed="1.394388"/>
</kw>
<kw name="Get Locator" owner="keywords">
<kw name="Load Locators" owner="keywords">
<if>
<branch type="IF" condition="$LOCATORS_CACHE == {}">
<kw name="Get File" owner="OperatingSystem">
<var>${locators_content}</var>
<arg>${LOCATORS_FILE}</arg>
<doc>Returns the contents of a specified file.</doc>
<status status="NOT RUN" start="2026-01-17T07:00:09.504140" elapsed="0.000000"/>
</kw>
<kw name="Evaluate" owner="BuiltIn">
<var>${locators}</var>
<arg>json.loads('''${locators_content}''')</arg>
<arg>json</arg>
<doc>Evaluates the given expression in Python and returns the result.</doc>
<status status="NOT RUN" start="2026-01-17T07:00:09.504140" elapsed="0.000000"/>
</kw>
<kw name="Set Suite Variable" owner="BuiltIn">
<arg>&amp;{LOCATORS_CACHE}</arg>
<arg>&amp;{locators}</arg>
<doc>Makes a variable available everywhere within the scope of the current suite.</doc>
<status status="NOT RUN" start="2026-01-17T07:00:09.504140" elapsed="0.000000"/>
</kw>
<status status="NOT RUN" start="2026-01-17T07:00:09.503138" elapsed="0.001002"/>
</branch>
<status status="PASS" start="2026-01-17T07:00:09.503138" elapsed="0.002708"/>
</if>
<return>
<value>${LOCATORS_CACHE}</value>
<status status="PASS" start="2026-01-17T07:00:09.505846" elapsed="0.000000"/>
</return>
<msg time="2026-01-17T07:00:09.506375" level="INFO">${locators} = {'LOGIN_USER': 'id:user-name', 'LOGIN_PASSWORD': 'id:password', 'LOGIN_BUTTON': 'id:login-button', 'BURGER_MENU_BTN': 'id:react-burger-menu-btn', 'BURGER_MENU_CLOSE_BTN': 'id:react-burger-cross-btn', ...</msg>
<var>${locators}</var>
<status status="PASS" start="2026-01-17T07:00:09.503138" elapsed="0.003237"/>
</kw>
<kw name="Set Variable" owner="BuiltIn">
<msg time="2026-01-17T07:00:09.506375" level="INFO">${locator} = id:react-burger-menu-btn</msg>
<var>${locator}</var>
<arg>${locators}[${key}]</arg>
<doc>Returns the given values which can then be assigned to a variables.</doc>
<status status="PASS" start="2026-01-17T07:00:09.506375" elapsed="0.000000"/>
</kw>
<kw name="Evaluate" owner="BuiltIn">
<msg time="2026-01-17T07:00:09.506375" level="INFO">${colon_index} = 2</msg>
<var>${colon_index}</var>
<arg>'''${locator}'''.find(':')</arg>
<doc>Evaluates the given expression in Python and returns the result.</doc>
<status status="PASS" start="2026-01-17T07:00:09.506375" elapsed="0.000000"/>
</kw>
<if>
<branch type="IF" condition="${colon_index} &gt;= 0">
<kw name="Evaluate" owner="BuiltIn">
<msg time="2026-01-17T07:00:09.506375" level="INFO">${strategy} = id</msg>
<var>${strategy}</var>
<arg>'''${locator}'''[:${colon_index}]</arg>
<doc>Evaluates the given expression in Python and returns the result.</doc>
<status status="PASS" start="2026-01-17T07:00:09.506375" elapsed="0.000000"/>
</kw>
<kw name="Evaluate" owner="BuiltIn">
<msg time="2026-01-17T07:00:09.506375" level="INFO">${value} = react-burger-menu-btn</msg>
<var>${value}</var>
<arg>'''${locator}'''[${colon_index + 1}:]</arg>
<doc>Evaluates the given expression in Python and returns the result.</doc>
<status status="PASS" start="2026-01-17T07:00:09.506375" elapsed="0.000000"/>
</kw>
<return>
<value>${strategy}</value>
<value>${value}</value>
<status status="PASS" start="2026-01-17T07:00:09.506375" elapsed="0.000000"/>
</return>
<status status="PASS" start="2026-01-17T07:00:09.506375" elapsed="0.000000"/>
</branch>
<branch type="ELSE">
<return>
<value>${EMPTY}</value>
<value>${locator}</value>
<status status="NOT RUN" start="2026-01-17T07:00:09.506375" elapsed="0.000000"/>
</return>
<status status="NOT RUN" start="2026-01-17T07:00:09.506375" elapsed="0.000000"/>
</branch>
<status status="PASS" start="2026-01-17T07:00:09.506375" elapsed="0.000000"/>
</if>
<msg time="2026-01-17T07:00:09.506375" level="INFO">${menu_btn_strategy} = id</msg>
<msg time="2026-01-17T07:00:09.506375" level="INFO">${menu_btn_value} = react-burger-menu-btn</msg>
<var>${menu_btn_strategy}</var>
<var>${menu_btn_value}</var>
<arg>BURGER_MENU_BTN</arg>
<status status="PASS" start="2026-01-17T07:00:09.502148" elapsed="0.004227"/>
</kw>
<kw name="Wait Until Element Is Visible" owner="SeleniumLibrary">
<arg>${menu_btn_strategy}:${menu_btn_value}</arg>
<arg>timeout=5s</arg>
<doc>Waits until the element ``locator`` is visible.</doc>
<status status="PASS" start="2026-01-17T07:00:09.506375" elapsed="0.640805"/>
</kw>
<kw name="Wait Until Element Is Enabled" owner="SeleniumLibrary">
<arg>${menu_btn_strategy}:${menu_btn_value}</arg>
<arg>timeout=5s</arg>
<doc>Waits until the element ``locator`` is enabled.</doc>
<status status="PASS" start="2026-01-17T07:00:10.147180" elapsed="0.948868"/>
</kw>
<kw name="Sleep" owner="BuiltIn">
<msg time="2026-01-17T07:00:11.397376" level="INFO">Slept 300 milliseconds.</msg>
<arg>0.3s</arg>
<doc>Pauses the test executed for the given time.</doc>
<status status="PASS" start="2026-01-17T07:00:11.096048" elapsed="0.301328"/>
</kw>
<kw name="Click Element" owner="SeleniumLibrary">
<msg time="2026-01-17T07:00:11.397376" level="INFO">Clicking element 'id:react-burger-menu-btn'.</msg>
<arg>${menu_btn_strategy}:${menu_btn_value}</arg>
<doc>Click the element identified by ``locator``.</doc>
<status status="PASS" start="2026-01-17T07:00:11.397376" elapsed="0.732972"/>
</kw>
<status status="PASS" start="2026-01-17T07:00:08.106667" elapsed="4.023681"/>
</kw>
<kw name="Click Element" owner="SeleniumLibrary">
<msg time="2026-01-17T07:00:12.130348" level="INFO">Clicking element 'id:about_sidebar_link'.</msg>
<arg>${option_strategy}:${option_value}</arg>
<doc>Click the element identified by ``locator``.</doc>
<status status="PASS" start="2026-01-17T07:00:12.130348" elapsed="3.434597"/>
</kw>
<arg>MENU_ABOUT</arg>
<status status="PASS" start="2026-01-17T07:00:08.094280" elapsed="7.470665"/>
</kw>
<kw name="Wait Until Location Contains" owner="SeleniumLibrary">
<arg>saucelabs.com</arg>
<doc>Waits until the current URL contains ``expected``.</doc>
<status status="PASS" start="2026-01-17T07:00:15.564945" elapsed="0.315334"/>
</kw>
<kw name="Get Location" owner="SeleniumLibrary">
<msg time="2026-01-17T07:00:16.191781" level="INFO">${location} = https://saucelabs.com/</msg>
<var>${location}</var>
<doc>Returns the current browser window URL.</doc>
<status status="PASS" start="2026-01-17T07:00:15.880279" elapsed="0.311502"/>
</kw>
<kw name="Should Not Contain" owner="BuiltIn">
<arg>${location}</arg>
<arg>/error/404</arg>
<doc>Fails if ``container`` contains ``item`` one or more times.</doc>
<status status="PASS" start="2026-01-17T07:00:16.191781" elapsed="0.006031"/>
</kw>
<status status="PASS" start="2026-01-17T07:00:08.094280" elapsed="8.103532"/>
</kw>
<kw name="Return To Application" owner="keywords">
<kw name="Get Locator" owner="keywords">
<kw name="Load Locators" owner="keywords">
<if>
<branch type="IF" condition="$LOCATORS_CACHE == {}">
<kw name="Get File" owner="OperatingSystem">
<var>${locators_content}</var>
<arg>${LOCATORS_FILE}</arg>
<doc>Returns the contents of a specified file.</doc>
<status status="NOT RUN" start="2026-01-17T07:00:16.197812" elapsed="0.000000"/>
</kw>
<kw name="Evaluate" owner="BuiltIn">
<var>${locators}</var>
<arg>json.loads('''${locators_content}''')</arg>
<arg>json</arg>
<doc>Evaluates the given expression in Python and returns the result.</doc>
<status status="NOT RUN" start="2026-01-17T07:00:16.197812" elapsed="0.000000"/>
</kw>
<kw name="Set Suite Variable" owner="BuiltIn">
<arg>&amp;{LOCATORS_CACHE}</arg>
<arg>&amp;{locators}</arg>
<doc>Makes a variable available everywhere within the scope of the current suite.</doc>
<status status="NOT RUN" start="2026-01-17T07:00:16.197812" elapsed="0.000000"/>
</kw>
<status status="NOT RUN" start="2026-01-17T07:00:16.197812" elapsed="0.000000"/>
</branch>
<status status="PASS" start="2026-01-17T07:00:16.197812" elapsed="0.000000"/>
</if>
<return>
<value>${LOCATORS_CACHE}</value>
<status status="PASS" start="2026-01-17T07:00:16.197812" elapsed="0.000000"/>
</return>
<msg time="2026-01-17T07:00:16.197812" level="INFO">${locators} = {'LOGIN_USER': 'id:user-name', 'LOGIN_PASSWORD': 'id:password', 'LOGIN_BUTTON': 'id:login-button', 'BURGER_MENU_BTN': 'id:react-burger-menu-btn', 'BURGER_MENU_CLOSE_BTN': 'id:react-burger-cross-btn', ...</msg>
<var>${locators}</var>
<status status="PASS" start="2026-01-17T07:00:16.197812" elapsed="0.000000"/>
</kw>
<kw name="Set Variable" owner="BuiltIn">
<msg time="2026-01-17T07:00:16.197812" level="INFO">${locator} = Products</msg>
<var>${locator}</var>
<arg>${locators}[${key}]</arg>
<doc>Returns the given values which can then be assigned to a variables.</doc>
<status status="PASS" start="2026-01-17T07:00:16.197812" elapsed="0.000000"/>
</kw>
<kw name="Evaluate" owner="BuiltIn">
<msg time="2026-01-17T07:00:16.207501" level="INFO">${colon_index} = -1</msg>
<var>${colon_index}</var>
<arg>'''${locator}'''.find(':')</arg>
<doc>Evaluates the given expression in Python and returns the result.</doc>
<status status="PASS" start="2026-01-17T07:00:16.197812" elapsed="0.009689"/>
</kw>
<if>
<branch type="IF" condition="${colon_index} &gt;= 0">
<kw name="Evaluate" owner="BuiltIn">
<var>${strategy}</var>
<arg>'''${locator}'''[:${colon_index}]</arg>
<doc>Evaluates the given expression in Python and returns the result.</doc>
<status status="NOT RUN" start="2026-01-17T07:00:16.207501" elapsed="0.000000"/>
</kw>
<kw name="Evaluate" owner="BuiltIn">
<var>${value}</var>
<arg>'''${locator}'''[${colon_index + 1}:]</arg>
<doc>Evaluates the given expression in Python and returns the result.</doc>
<status status="NOT RUN" start="2026-01-17T07:00:16.207501" elapsed="0.000000"/>
</kw>
<return>
<value>${strategy}</value>
<value>${value}</value>
<status status="NOT RUN" start="2026-01-17T07:00:16.207501" elapsed="0.000000"/>
</return>
<status status="NOT RUN" start="2026-01-17T07:00:16.207501" elapsed="0.000000"/>
</branch>
<branch type="ELSE">
<return>
<value>${EMPTY}</value>
<value>${locator}</value>
<status status="PASS" start="2026-01-17T07:00:16.207501" elapsed="0.000000"/>
</return>
<status status="PASS" start="2026-01-17T07:00:16.207501" elapsed="0.002831"/>
</branch>
<status status="PASS" start="2026-01-17T07:00:16.207501" elapsed="0.002831"/>
</if>
<msg time="2026-01-17T07:00:16.210332" level="INFO">${products_text} = ['', 'Products']</msg>
<var>${products_text}</var>
<arg>PRODUCTS_PAGE_TEXT</arg>
<status status="PASS" start="2026-01-17T07:00:16.197812" elapsed="0.012520"/>
</kw>
<kw name="Go Back" owner="SeleniumLibrary">
<doc>Simulates the user clicking the back button on their browser.</doc>
<status status="PASS" start="2026-01-17T07:00:16.210332" elapsed="0.425615"/>
</kw>
<kw name="Wait Until Page Contains" owner="SeleniumLibrary">
<arg>${products_text[1]}</arg>
<doc>Waits until ``text`` appears on the current page.</doc>
<status status="PASS" start="2026-01-17T07:00:16.635947" elapsed="0.340954"/>
</kw>
<status status="PASS" start="2026-01-17T07:00:16.197812" elapsed="0.779089"/>
</kw>
<kw name="Run Keyword If Test Failed" owner="BuiltIn" type="TEARDOWN">
<arg>Capture Page Screenshot</arg>
<doc>Runs the given keyword with the given arguments, if the test failed.</doc>
<status status="PASS" start="2026-01-17T07:00:16.976901" elapsed="0.000000"/>
</kw>
<doc>Vérifie que l'utilisateur peut ouvrir la page About depuis le menu burger</doc>
<status status="PASS" start="2026-01-17T06:59:58.125522" elapsed="18.854394"/>
</test>
<kw name="Close Browser" owner="SeleniumLibrary" type="TEARDOWN">
<doc>Closes the current browser.</doc>
<status status="PASS" start="2026-01-17T07:00:16.979916" elapsed="2.479681"/>
</kw>
<status status="PASS" start="2026-01-17T06:59:57.672678" elapsed="21.787919"/>
</suite>
<suite id="s1-s2" name="Test All Items Page" source="C:\Users\DELL\Desktop\automation saucedemo\automation-project-saucedemo\robot_tests\tests\test_all_items_page.robot">
<test id="s1-s2-t1" name="User Can Return To Product List Using All Items" line="8">
<kw name="Open Application Browser" owner="keywords">
<kw name="Load Config" owner="keywords">
<if>
<branch type="IF" condition="$CONFIG_CACHE == {}">
<kw name="Get File" owner="OperatingSystem">
<msg time="2026-01-17T07:00:19.479632" level="INFO" html="true">Getting file '&lt;a href="file://C:\Users\DELL\Desktop\automation saucedemo\automation-project-saucedemo\robot_tests\data\config.json"&gt;C:\Users\DELL\Desktop\automation saucedemo\automation-project-saucedemo\robot_tests\data\config.json&lt;/a&gt;'.</msg>
<msg time="2026-01-17T07:00:19.479632" level="INFO">${config_content} = {
  "URL": "https://www.saucedemo.com",
  "BROWSER": "chrome",
  "USERNAME": "standard_user",
  "PASSWORD": "secret_sauce"
}
</msg>
<var>${config_content}</var>
<arg>${CONFIG_FILE}</arg>
<doc>Returns the contents of a specified file.</doc>
<status status="PASS" start="2026-01-17T07:00:19.479632" elapsed="0.000000"/>
</kw>
<kw name="Evaluate" owner="BuiltIn">
<msg time="2026-01-17T07:00:19.479632" level="INFO">${config} = {'URL': 'https://www.saucedemo.com', 'BROWSER': 'chrome', 'USERNAME': 'standard_user', 'PASSWORD': 'secret_sauce'}</msg>
<var>${config}</var>
<arg>json.loads('''${config_content}''')</arg>
<arg>json</arg>
<doc>Evaluates the given expression in Python and returns the result.</doc>
<status status="PASS" start="2026-01-17T07:00:19.479632" elapsed="0.000000"/>
</kw>
<kw name="Set Suite Variable" owner="BuiltIn">
<msg time="2026-01-17T07:00:19.479632" level="INFO">&amp;{CONFIG_CACHE} = { URL=https://www.saucedemo.com | BROWSER=chrome | USERNAME=standard_user | PASSWORD=secret_sauce }</msg>
<arg>&amp;{CONFIG_CACHE}</arg>
<arg>&amp;{config}</arg>
<doc>Makes a variable available everywhere within the scope of the current suite.</doc>
<status status="PASS" start="2026-01-17T07:00:19.479632" elapsed="0.000000"/>
</kw>
<status status="PASS" start="2026-01-17T07:00:19.477598" elapsed="0.002034"/>
</branch>
<status status="PASS" start="2026-01-17T07:00:19.477598" elapsed="0.002034"/>
</if>
<return>
<value>${CONFIG_CACHE}</value>
<status status="PASS" start="2026-01-17T07:00:19.479632" elapsed="0.000000"/>
</return>
<msg time="2026-01-17T07:00:19.479632" level="INFO">${config} = {'URL': 'https://www.saucedemo.com', 'BROWSER': 'chrome', 'USERNAME': 'standard_user', 'PASSWORD': 'secret_sauce'}</msg>
<var>${config}</var>
<status status="PASS" start="2026-01-17T07:00:19.477598" elapsed="0.002034"/>
</kw>
<kw name="Evaluate" owner="BuiltIn">
<msg time="2026-01-17T07:00:19.479632" level="INFO">${options} = &lt;selenium.webdriver.chrome.options.Options object at 0x000002382DA2CAA0&gt;</msg>
<var>${options}</var>
<arg>sys.modules['selenium.webdriver'].ChromeOptions()</arg>
<arg>sys</arg>
<doc>Evaluates the given expression in Python and returns the result.</doc>
<status status="PASS" start="2026-01-17T07:00:19.479632" elapsed="0.000000"/>
</kw>
<kw name="Create Dictionary" owner="BuiltIn">
<msg time="2026-01-17T07:00:19.479632" level="INFO">${prefs} = {'credentials_enable_service': False, 'profile.password_manager_enabled': False}</msg>
<var>${prefs}</var>
<arg>credentials_enable_service=${False}</arg>
<arg>profile.password_manager_enabled=${False}</arg>
<doc>Creates and returns a dictionary based on the given ``items``.</doc>
<status status="PASS" start="2026-01-17T07:00:19.479632" elapsed="0.000000"/>
</kw>
<kw name="Call Method" owner="BuiltIn">
<arg>${options}</arg>
<arg>add_experimental_option</arg>
<arg>prefs</arg>
<arg>${prefs}</arg>
<doc>Calls the named method of the given object with the provided arguments.</doc>
<status status="PASS" start="2026-01-17T07:00:19.479632" elapsed="0.000000"/>
</kw>
<kw name="Call Method" owner="BuiltIn">
<arg>${options}</arg>
<arg>add_argument</arg>
<arg>--disable-notifications</arg>
<doc>Calls the named method of the given object with the provided arguments.</doc>
<status status="PASS" start="2026-01-17T07:00:19.479632" elapsed="0.000000"/>
</kw>
<kw name="Call Method" owner="BuiltIn">
<arg>${options}</arg>
<arg>add_argument</arg>
<arg>--disable-infobars</arg>
<doc>Calls the named method of the given object with the provided arguments.</doc>
<status status="PASS" start="2026-01-17T07:00:19.479632" elapsed="0.000000"/>
</kw>
<kw name="Call Method" owner="BuiltIn">
<arg>${options}</arg>
<arg>add_argument</arg>
<arg>--incognito</arg>
<doc>Calls the named method of the given object with the provided arguments.</doc>
<status status="PASS" start="2026-01-17T07:00:19.479632" elapsed="0.000000"/>
</kw>
<kw name="Call Method" owner="BuiltIn">
<arg>${options}</arg>
<arg>add_argument</arg>
<arg>--headless</arg>
<doc>Calls the named method of the given object with the provided arguments.</doc>
<status status="PASS" start="2026-01-17T07:00:19.479632" elapsed="0.000000"/>
</kw>
<kw name="Call Method" owner="BuiltIn">
<arg>${options}</arg>
<arg>add_argument</arg>
<arg>--no-sandbox</arg>
<doc>Calls the named method of the given object with the provided arguments.</doc>
<status status="PASS" start="2026-01-17T07:00:19.479632" elapsed="0.000000"/>
</kw>
<kw name="Call Method" owner="BuiltIn">
<arg>${options}</arg>
<arg>add_argument</arg>
<arg>--disable-dev-shm-usage</arg>
<doc>Calls the named method of the given object with the provided arguments.</doc>
<status status="PASS" start="2026-01-17T07:00:19.479632" elapsed="0.000000"/>
</kw>
<kw name="Open Browser" owner="SeleniumLibrary">
<msg time="2026-01-17T07:00:19.479632" level="INFO">Opening browser 'Chrome' to base url 'https://www.saucedemo.com'.</msg>
<arg>${config}[URL]</arg>
<arg>Chrome</arg>
<arg>options=${options}</arg>
<doc>Opens a new browser instance to the optional ``url``.</doc>
<status status="PASS" start="2026-01-17T07:00:19.479632" elapsed="2.841454"/>
</kw>
<kw name="Maximize Browser Window" owner="SeleniumLibrary">
<doc>Maximizes current browser window.</doc>
<status status="PASS" start="2026-01-17T07:00:22.321086" elapsed="0.335894"/>
</kw>
<kw name="Set Selenium Speed" owner="SeleniumLibrary">
<arg>0.3s</arg>
<doc>Sets the delay that is waited after each Selenium command.</doc>
<status status="PASS" start="2026-01-17T07:00:22.656980" elapsed="0.000000"/>
</kw>
<status status="PASS" start="2026-01-17T07:00:19.477598" elapsed="3.179382"/>
</kw>
<kw name="Login With Standard User" owner="keywords">
<kw name="Load Config" owner="keywords">
<if>
<branch type="IF" condition="$CONFIG_CACHE == {}">
<kw name="Get File" owner="OperatingSystem">
<var>${config_content}</var>
<arg>${CONFIG_FILE}</arg>
<doc>Returns the contents of a specified file.</doc>
<status status="NOT RUN" start="2026-01-17T07:00:22.656980" elapsed="0.000000"/>
</kw>
<kw name="Evaluate" owner="BuiltIn">
<var>${config}</var>
<arg>json.loads('''${config_content}''')</arg>
<arg>json</arg>
<doc>Evaluates the given expression in Python and returns the result.</doc>
<status status="NOT RUN" start="2026-01-17T07:00:22.656980" elapsed="0.004830"/>
</kw>
<kw name="Set Suite Variable" owner="BuiltIn">
<arg>&amp;{CONFIG_CACHE}</arg>
<arg>&amp;{config}</arg>
<doc>Makes a variable available everywhere within the scope of the current suite.</doc>
<status status="NOT RUN" start="2026-01-17T07:00:22.661810" elapsed="0.000000"/>
</kw>
<status status="NOT RUN" start="2026-01-17T07:00:22.656980" elapsed="0.004830"/>
</branch>
<status status="PASS" start="2026-01-17T07:00:22.656980" elapsed="0.004830"/>
</if>
<return>
<value>${CONFIG_CACHE}</value>
<status status="PASS" start="2026-01-17T07:00:22.661810" elapsed="0.000000"/>
</return>
<msg time="2026-01-17T07:00:22.663134" level="INFO">${config} = {'URL': 'https://www.saucedemo.com', 'BROWSER': 'chrome', 'USERNAME': 'standard_user', 'PASSWORD': 'secret_sauce'}</msg>
<var>${config}</var>
<status status="PASS" start="2026-01-17T07:00:22.656980" elapsed="0.006154"/>
</kw>
<kw name="Get Locator" owner="keywords">
<kw name="Load Locators" owner="keywords">
<if>
<branch type="IF" condition="$LOCATORS_CACHE == {}">
<kw name="Get File" owner="OperatingSystem">
<msg time="2026-01-17T07:00:22.665143" level="INFO" html="true">Getting file '&lt;a href="file://C:\Users\DELL\Desktop\automation saucedemo\automation-project-saucedemo\robot_tests\data\locators.json"&gt;C:\Users\DELL\Desktop\automation saucedemo\automation-project-saucedemo\robot_tests\data\locators.json&lt;/a&gt;'.</msg>
<msg time="2026-01-17T07:00:22.666142" level="INFO">${locators_content} = {
  "LOGIN_USER": "id:user-name",
  "LOGIN_PASSWORD": "id:password",
  "LOGIN_BUTTON": "id:login-button",

  "BURGER_MENU_BTN": "id:react-burger-menu-btn",
  "BURGER_MENU_CLOSE_BTN": "id:react-burger-...</msg>
<var>${locators_content}</var>
<arg>${LOCATORS_FILE}</arg>
<doc>Returns the contents of a specified file.</doc>
<status status="PASS" start="2026-01-17T07:00:22.665143" elapsed="0.000999"/>
</kw>
<kw name="Evaluate" owner="BuiltIn">
<msg time="2026-01-17T07:00:22.667140" level="INFO">${locators} = {'LOGIN_USER': 'id:user-name', 'LOGIN_PASSWORD': 'id:password', 'LOGIN_BUTTON': 'id:login-button', 'BURGER_MENU_BTN': 'id:react-burger-menu-btn', 'BURGER_MENU_CLOSE_BTN': 'id:react-burger-cross-btn', ...</msg>
<var>${locators}</var>
<arg>json.loads('''${locators_content}''')</arg>
<arg>json</arg>
<doc>Evaluates the given expression in Python and returns the result.</doc>
<status status="PASS" start="2026-01-17T07:00:22.666142" elapsed="0.000998"/>
</kw>
<kw name="Set Suite Variable" owner="BuiltIn">
<msg time="2026-01-17T07:00:22.669144" level="INFO">&amp;{LOCATORS_CACHE} = { LOGIN_USER=id:user-name | LOGIN_PASSWORD=id:password | LOGIN_BUTTON=id:login-button | BURGER_MENU_BTN=id:react-burger-menu-btn | BURGER_MENU_CLOSE_BTN=id:react-burger-cross-btn | MENU_ALL_ITEMS=id:i...</msg>
<arg>&amp;{LOCATORS_CACHE}</arg>
<arg>&amp;{locators}</arg>
<doc>Makes a variable available everywhere within the scope of the current suite.</doc>
<status status="PASS" start="2026-01-17T07:00:22.668134" elapsed="0.001010"/>
</kw>
<status status="PASS" start="2026-01-17T07:00:22.664133" elapsed="0.005011"/>
</branch>
<status status="PASS" start="2026-01-17T07:00:22.664133" elapsed="0.005011"/>
</if>
<return>
<value>${LOCATORS_CACHE}</value>
<status status="PASS" start="2026-01-17T07:00:22.669144" elapsed="0.000000"/>
</return>
<msg time="2026-01-17T07:00:22.669144" level="INFO">${locators} = {'LOGIN_USER': 'id:user-name', 'LOGIN_PASSWORD': 'id:password', 'LOGIN_BUTTON': 'id:login-button', 'BURGER_MENU_BTN': 'id:react-burger-menu-btn', 'BURGER_MENU_CLOSE_BTN': 'id:react-burger-cross-btn', ...</msg>
<var>${locators}</var>
<status status="PASS" start="2026-01-17T07:00:22.664133" elapsed="0.006001"/>
</kw>
<kw name="Set Variable" owner="BuiltIn">
<msg time="2026-01-17T07:00:22.670134" level="INFO">${locator} = id:user-name</msg>
<var>${locator}</var>
<arg>${locators}[${key}]</arg>
<doc>Returns the given values which can then be assigned to a variables.</doc>
<status status="PASS" start="2026-01-17T07:00:22.670134" elapsed="0.000000"/>
</kw>
<kw name="Evaluate" owner="BuiltIn">
<msg time="2026-01-17T07:00:22.671134" level="INFO">${colon_index} = 2</msg>
<var>${colon_index}</var>
<arg>'''${locator}'''.find(':')</arg>
<doc>Evaluates the given expression in Python and returns the result.</doc>
<status status="PASS" start="2026-01-17T07:00:22.671134" elapsed="0.000000"/>
</kw>
<if>
<branch type="IF" condition="${colon_index} &gt;= 0">
<kw name="Evaluate" owner="BuiltIn">
<msg time="2026-01-17T07:00:22.673142" level="INFO">${strategy} = id</msg>
<var>${strategy}</var>
<arg>'''${locator}'''[:${colon_index}]</arg>
<doc>Evaluates the given expression in Python and returns the result.</doc>
<status status="PASS" start="2026-01-17T07:00:22.672141" elapsed="0.001001"/>
</kw>
<kw name="Evaluate" owner="BuiltIn">
<msg time="2026-01-17T07:00:22.674141" level="INFO">${value} = user-name</msg>
<var>${value}</var>
<arg>'''${locator}'''[${colon_index + 1}:]</arg>
<doc>Evaluates the given expression in Python and returns the result.</doc>
<status status="PASS" start="2026-01-17T07:00:22.673142" elapsed="0.002008"/>
</kw>
<return>
<value>${strategy}</value>
<value>${value}</value>
<status status="PASS" start="2026-01-17T07:00:22.675150" elapsed="0.000000"/>
</return>
<status status="PASS" start="2026-01-17T07:00:22.672141" elapsed="0.003009"/>
</branch>
<branch type="ELSE">
<return>
<value>${EMPTY}</value>
<value>${locator}</value>
<status status="NOT RUN" start="2026-01-17T07:00:22.675150" elapsed="0.000000"/>
</return>
<status status="NOT RUN" start="2026-01-17T07:00:22.675150" elapsed="0.000000"/>
</branch>
<status status="PASS" start="2026-01-17T07:00:22.672141" elapsed="0.003009"/>
</if>
<msg time="2026-01-17T07:00:22.676142" level="INFO">${username_strategy} = id</msg>
<msg time="2026-01-17T07:00:22.676142" level="INFO">${username_value} = user-name</msg>
<var>${username_strategy}</var>
<var>${username_value}</var>
<arg>LOGIN_USER</arg>
<status status="PASS" start="2026-01-17T07:00:22.663134" elapsed="0.013008"/>
</kw>
<kw name="Get Locator" owner="keywords">
<kw name="Load Locators" owner="keywords">
<if>
<branch type="IF" condition="$LOCATORS_CACHE == {}">
<kw name="Get File" owner="OperatingSystem">
<var>${locators_content}</var>
<arg>${LOCATORS_FILE}</arg>
<doc>Returns the contents of a specified file.</doc>
<status status="NOT RUN" start="2026-01-17T07:00:22.676142" elapsed="0.000000"/>
</kw>
<kw name="Evaluate" owner="BuiltIn">
<var>${locators}</var>
<arg>json.loads('''${locators_content}''')</arg>
<arg>json</arg>
<doc>Evaluates the given expression in Python and returns the result.</doc>
<status status="NOT RUN" start="2026-01-17T07:00:22.676142" elapsed="0.000000"/>
</kw>
<kw name="Set Suite Variable" owner="BuiltIn">
<arg>&amp;{LOCATORS_CACHE}</arg>
<arg>&amp;{locators}</arg>
<doc>Makes a variable available everywhere within the scope of the current suite.</doc>
<status status="NOT RUN" start="2026-01-17T07:00:22.676142" elapsed="0.000000"/>
</kw>
<status status="NOT RUN" start="2026-01-17T07:00:22.676142" elapsed="0.000000"/>
</branch>
<status status="PASS" start="2026-01-17T07:00:22.676142" elapsed="0.000000"/>
</if>
<return>
<value>${LOCATORS_CACHE}</value>
<status status="PASS" start="2026-01-17T07:00:22.676142" elapsed="0.000000"/>
</return>
<msg time="2026-01-17T07:00:22.676142" level="INFO">${locators} = {'LOGIN_USER': 'id:user-name', 'LOGIN_PASSWORD': 'id:password', 'LOGIN_BUTTON': 'id:login-button', 'BURGER_MENU_BTN': 'id:react-burger-menu-btn', 'BURGER_MENU_CLOSE_BTN': 'id:react-burger-cross-btn', ...</msg>
<var>${locators}</var>
<status status="PASS" start="2026-01-17T07:00:22.676142" elapsed="0.000000"/>
</kw>
<kw name="Set Variable" owner="BuiltIn">
<msg time="2026-01-17T07:00:22.676142" level="INFO">${locator} = id:password</msg>
<var>${locator}</var>
<arg>${locators}[${key}]</arg>
<doc>Returns the given values which can then be assigned to a variables.</doc>
<status status="PASS" start="2026-01-17T07:00:22.676142" elapsed="0.000000"/>
</kw>
<kw name="Evaluate" owner="BuiltIn">
<msg time="2026-01-17T07:00:22.676142" level="INFO">${colon_index} = 2</msg>
<var>${colon_index}</var>
<arg>'''${locator}'''.find(':')</arg>
<doc>Evaluates the given expression in Python and returns the result.</doc>
<status status="PASS" start="2026-01-17T07:00:22.676142" elapsed="0.000000"/>
</kw>
<if>
<branch type="IF" condition="${colon_index} &gt;= 0">
<kw name="Evaluate" owner="BuiltIn">
<msg time="2026-01-17T07:00:22.676142" level="INFO">${strategy} = id</msg>
<var>${strategy}</var>
<arg>'''${locator}'''[:${colon_index}]</arg>
<doc>Evaluates the given expression in Python and returns the result.</doc>
<status status="PASS" start="2026-01-17T07:00:22.676142" elapsed="0.000000"/>
</kw>
<kw name="Evaluate" owner="BuiltIn">
<msg time="2026-01-17T07:00:22.676142" level="INFO">${value} = password</msg>
<var>${value}</var>
<arg>'''${locator}'''[${colon_index + 1}:]</arg>
<doc>Evaluates the given expression in Python and returns the result.</doc>
<status status="PASS" start="2026-01-17T07:00:22.676142" elapsed="0.000000"/>
</kw>
<return>
<value>${strategy}</value>
<value>${value}</value>
<status status="PASS" start="2026-01-17T07:00:22.676142" elapsed="0.000000"/>
</return>
<status status="PASS" start="2026-01-17T07:00:22.676142" elapsed="0.000000"/>
</branch>
<branch type="ELSE">
<return>
<value>${EMPTY}</value>
<value>${locator}</value>
<status status="NOT RUN" start="2026-01-17T07:00:22.676142" elapsed="0.000000"/>
</return>
<status status="NOT RUN" start="2026-01-17T07:00:22.676142" elapsed="0.000000"/>
</branch>
<status status="PASS" start="2026-01-17T07:00:22.676142" elapsed="0.000000"/>
</if>
<msg time="2026-01-17T07:00:22.676142" level="INFO">${password_strategy} = id</msg>
<msg time="2026-01-17T07:00:22.676142" level="INFO">${password_value} = password</msg>
<var>${password_strategy}</var>
<var>${password_value}</var>
<arg>LOGIN_PASSWORD</arg>
<status status="PASS" start="2026-01-17T07:00:22.676142" elapsed="0.000000"/>
</kw>
<kw name="Get Locator" owner="keywords">
<kw name="Load Locators" owner="keywords">
<if>
<branch type="IF" condition="$LOCATORS_CACHE == {}">
<kw name="Get File" owner="OperatingSystem">
<var>${locators_content}</var>
<arg>${LOCATORS_FILE}</arg>
<doc>Returns the contents of a specified file.</doc>
<status status="NOT RUN" start="2026-01-17T07:00:22.676142" elapsed="0.000000"/>
</kw>
<kw name="Evaluate" owner="BuiltIn">
<var>${locators}</var>
<arg>json.loads('''${locators_content}''')</arg>
<arg>json</arg>
<doc>Evaluates the given expression in Python and returns the result.</doc>
<status status="NOT RUN" start="2026-01-17T07:00:22.676142" elapsed="0.000000"/>
</kw>
<kw name="Set Suite Variable" owner="BuiltIn">
<arg>&amp;{LOCATORS_CACHE}</arg>
<arg>&amp;{locators}</arg>
<doc>Makes a variable available everywhere within the scope of the current suite.</doc>
<status status="NOT RUN" start="2026-01-17T07:00:22.676142" elapsed="0.000000"/>
</kw>
<status status="NOT RUN" start="2026-01-17T07:00:22.676142" elapsed="0.000000"/>
</branch>
<status status="PASS" start="2026-01-17T07:00:22.676142" elapsed="0.000000"/>
</if>
<return>
<value>${LOCATORS_CACHE}</value>
<status status="PASS" start="2026-01-17T07:00:22.676142" elapsed="0.000000"/>
</return>
<msg time="2026-01-17T07:00:22.676142" level="INFO">${locators} = {'LOGIN_USER': 'id:user-name', 'LOGIN_PASSWORD': 'id:password', 'LOGIN_BUTTON': 'id:login-button', 'BURGER_MENU_BTN': 'id:react-burger-menu-btn', 'BURGER_MENU_CLOSE_BTN': 'id:react-burger-cross-btn', ...</msg>
<var>${locators}</var>
<status status="PASS" start="2026-01-17T07:00:22.676142" elapsed="0.000000"/>
</kw>
<kw name="Set Variable" owner="BuiltIn">
<msg time="2026-01-17T07:00:22.676142" level="INFO">${locator} = id:login-button</msg>
<var>${locator}</var>
<arg>${locators}[${key}]</arg>
<doc>Returns the given values which can then be assigned to a variables.</doc>
<status status="PASS" start="2026-01-17T07:00:22.676142" elapsed="0.000000"/>
</kw>
<kw name="Evaluate" owner="BuiltIn">
<msg time="2026-01-17T07:00:22.676142" level="INFO">${colon_index} = 2</msg>
<var>${colon_index}</var>
<arg>'''${locator}'''.find(':')</arg>
<doc>Evaluates the given expression in Python and returns the result.</doc>
<status status="PASS" start="2026-01-17T07:00:22.676142" elapsed="0.000000"/>
</kw>
<if>
<branch type="IF" condition="${colon_index} &gt;= 0">
<kw name="Evaluate" owner="BuiltIn">
<msg time="2026-01-17T07:00:22.692163" level="INFO">${strategy} = id</msg>
<var>${strategy}</var>
<arg>'''${locator}'''[:${colon_index}]</arg>
<doc>Evaluates the given expression in Python and returns the result.</doc>
<status status="PASS" start="2026-01-17T07:00:22.692163" elapsed="0.000000"/>
</kw>
<kw name="Evaluate" owner="BuiltIn">
<msg time="2026-01-17T07:00:22.694704" level="INFO">${value} = login-button</msg>
<var>${value}</var>
<arg>'''${locator}'''[${colon_index + 1}:]</arg>
<doc>Evaluates the given expression in Python and returns the result.</doc>
<status status="PASS" start="2026-01-17T07:00:22.692163" elapsed="0.002541"/>
</kw>
<return>
<value>${strategy}</value>
<value>${value}</value>
<status status="PASS" start="2026-01-17T07:00:22.694704" elapsed="0.000000"/>
</return>
<status status="PASS" start="2026-01-17T07:00:22.676142" elapsed="0.018562"/>
</branch>
<branch type="ELSE">
<return>
<value>${EMPTY}</value>
<value>${locator}</value>
<status status="NOT RUN" start="2026-01-17T07:00:22.694704" elapsed="0.000000"/>
</return>
<status status="NOT RUN" start="2026-01-17T07:00:22.694704" elapsed="0.000000"/>
</branch>
<status status="PASS" start="2026-01-17T07:00:22.676142" elapsed="0.018562"/>
</if>
<msg time="2026-01-17T07:00:22.694704" level="INFO">${button_strategy} = id</msg>
[...]
<msg time="2026-01-17T07:02:26.203114" level="INFO">${strategy} = id</msg>
<var>${strategy}</var>
<arg>'''${locator}'''[:${colon_index}]</arg>
<doc>Evaluates the given expression in Python and returns the result.</doc>
<status status="PASS" start="2026-01-17T07:02:26.202123" elapsed="0.000991"/>
</kw>
<kw name="Evaluate" owner="BuiltIn">
<msg time="2026-01-17T07:02:26.206384" level="INFO">${value} = react-burger-menu-btn</msg>
<var>${value}</var>
<arg>'''${locator}'''[${colon_index + 1}:]</arg>
<doc>Evaluates the given expression in Python and returns the result.</doc>
<status status="PASS" start="2026-01-17T07:02:26.204115" elapsed="0.002269"/>
</kw>
<return>
<value>${strategy}</value>
<value>${value}</value>
<status status="PASS" start="2026-01-17T07:02:26.206384" elapsed="0.000000"/>
</return>
<status status="PASS" start="2026-01-17T07:02:26.201145" elapsed="0.005239"/>
</branch>
<branch type="ELSE">
<return>
<value>${EMPTY}</value>
<value>${locator}</value>
<status status="NOT RUN" start="2026-01-17T07:02:26.207451" elapsed="0.000000"/>
</return>
<status status="NOT RUN" start="2026-01-17T07:02:26.206384" elapsed="0.001067"/>
</branch>
<status status="PASS" start="2026-01-17T07:02:26.201145" elapsed="0.006306"/>
</if>
<msg time="2026-01-17T07:02:26.207451" level="INFO">${menu_btn_strategy} = id</msg>
<msg time="2026-01-17T07:02:26.207451" level="INFO">${menu_btn_value} = react-burger-menu-btn</msg>
<var>${menu_btn_strategy}</var>
<var>${menu_btn_value}</var>
<arg>BURGER_MENU_BTN</arg>
<status status="PASS" start="2026-01-17T07:02:26.194746" elapsed="0.013705"/>
</kw>
<kw name="Wait Until Element Is Visible" owner="SeleniumLibrary">
<arg>${menu_btn_strategy}:${menu_btn_value}</arg>
<arg>timeout=5s</arg>
<doc>Waits until the element ``locator`` is visible.</doc>
<status status="PASS" start="2026-01-17T07:02:26.208451" elapsed="0.644522"/>
</kw>
<kw name="Wait Until Element Is Enabled" owner="SeleniumLibrary">
<arg>${menu_btn_strategy}:${menu_btn_value}</arg>
<arg>timeout=5s</arg>
<doc>Waits until the element ``locator`` is enabled.</doc>
<status status="PASS" start="2026-01-17T07:02:26.852973" elapsed="0.953803"/>
</kw>
<kw name="Sleep" owner="BuiltIn">
<msg time="2026-01-17T07:02:28.107491" level="INFO">Slept 300 milliseconds.</msg>
<arg>0.3s</arg>
<doc>Pauses the test executed for the given time.</doc>
<status status="PASS" start="2026-01-17T07:02:27.807286" elapsed="0.300205"/>
</kw>
<kw name="Click Element" owner="SeleniumLibrary">
<msg time="2026-01-17T07:02:28.108027" level="INFO">Clicking element 'id:react-burger-menu-btn'.</msg>
<arg>${menu_btn_strategy}:${menu_btn_value}</arg>
<doc>Click the element identified by ``locator``.</doc>
<status status="PASS" start="2026-01-17T07:02:28.108027" elapsed="0.699886"/>
</kw>
<status status="PASS" start="2026-01-17T07:02:25.147693" elapsed="3.660736"/>
</kw>
<kw name="Get Locator" owner="keywords">
<kw name="Load Locators" owner="keywords">
<if>
<branch type="IF" condition="$LOCATORS_CACHE == {}">
<kw name="Get File" owner="OperatingSystem">
<var>${locators_content}</var>
<arg>${LOCATORS_FILE}</arg>
<doc>Returns the contents of a specified file.</doc>
<status status="NOT RUN" start="2026-01-17T07:02:28.811449" elapsed="0.000000"/>
</kw>
<kw name="Evaluate" owner="BuiltIn">
<var>${locators}</var>
<arg>json.loads('''${locators_content}''')</arg>
<arg>json</arg>
<doc>Evaluates the given expression in Python and returns the result.</doc>
<status status="NOT RUN" start="2026-01-17T07:02:28.812449" elapsed="0.000000"/>
</kw>
<kw name="Set Suite Variable" owner="BuiltIn">
<arg>&amp;{LOCATORS_CACHE}</arg>
<arg>&amp;{locators}</arg>
<doc>Makes a variable available everywhere within the scope of the current suite.</doc>
<status status="NOT RUN" start="2026-01-17T07:02:28.812449" elapsed="0.000000"/>
</kw>
<status status="NOT RUN" start="2026-01-17T07:02:28.810450" elapsed="0.001999"/>
</branch>
<status status="PASS" start="2026-01-17T07:02:28.810450" elapsed="0.002998"/>
</if>
<return>
<value>${LOCATORS_CACHE}</value>
<status status="PASS" start="2026-01-17T07:02:28.813448" elapsed="0.000000"/>
</return>
<msg time="2026-01-17T07:02:28.814449" level="INFO">${locators} = {'LOGIN_USER': 'id:user-name', 'LOGIN_PASSWORD': 'id:password', 'LOGIN_BUTTON': 'id:login-button', 'BURGER_MENU_BTN': 'id:react-burger-menu-btn', 'BURGER_MENU_CLOSE_BTN': 'id:react-burger-cross-btn', ...</msg>
<var>${locators}</var>
<status status="PASS" start="2026-01-17T07:02:28.810450" elapsed="0.003999"/>
</kw>
<kw name="Set Variable" owner="BuiltIn">
<msg time="2026-01-17T07:02:28.815452" level="INFO">${locator} = id:reset_sidebar_link</msg>
<var>${locator}</var>
<arg>${locators}[${key}]</arg>
<doc>Returns the given values which can then be assigned to a variables.</doc>
<status status="PASS" start="2026-01-17T07:02:28.814449" elapsed="0.002002"/>
</kw>
<kw name="Evaluate" owner="BuiltIn">
<msg time="2026-01-17T07:02:28.817450" level="INFO">${colon_index} = 2</msg>
<var>${colon_index}</var>
<arg>'''${locator}'''.find(':')</arg>
<doc>Evaluates the given expression in Python and returns the result.</doc>
<status status="PASS" start="2026-01-17T07:02:28.816451" elapsed="0.000999"/>
</kw>
<if>
<branch type="IF" condition="${colon_index} &gt;= 0">
<kw name="Evaluate" owner="BuiltIn">
<msg time="2026-01-17T07:02:28.819450" level="INFO">${strategy} = id</msg>
<var>${strategy}</var>
<arg>'''${locator}'''[:${colon_index}]</arg>
<doc>Evaluates the given expression in Python and returns the result.</doc>
<status status="PASS" start="2026-01-17T07:02:28.818450" elapsed="0.002000"/>
</kw>
<kw name="Evaluate" owner="BuiltIn">
<msg time="2026-01-17T07:02:28.823451" level="INFO">${value} = reset_sidebar_link</msg>
<var>${value}</var>
<arg>'''${locator}'''[${colon_index + 1}:]</arg>
<doc>Evaluates the given expression in Python and returns the result.</doc>
<status status="PASS" start="2026-01-17T07:02:28.820450" elapsed="0.003001"/>
</kw>
<return>
<value>${strategy}</value>
<value>${value}</value>
<status status="PASS" start="2026-01-17T07:02:28.823451" elapsed="0.000000"/>
</return>
<status status="PASS" start="2026-01-17T07:02:28.818450" elapsed="0.005001"/>
</branch>
<branch type="ELSE">
<return>
<value>${EMPTY}</value>
<value>${locator}</value>
<status status="NOT RUN" start="2026-01-17T07:02:28.824452" elapsed="0.000000"/>
</return>
<status status="NOT RUN" start="2026-01-17T07:02:28.824452" elapsed="0.000000"/>
</branch>
<status status="PASS" start="2026-01-17T07:02:28.817450" elapsed="0.007002"/>
</if>
<msg time="2026-01-17T07:02:28.825448" level="INFO">${reset_strategy} = id</msg>
<msg time="2026-01-17T07:02:28.825448" level="INFO">${reset_value} = reset_sidebar_link</msg>
<var>${reset_strategy}</var>
<var>${reset_value}</var>
<arg>MENU_RESET_APP_STATE</arg>
<status status="PASS" start="2026-01-17T07:02:28.809454" elapsed="0.015994"/>
</kw>
<kw name="Click Element" owner="SeleniumLibrary">
<msg time="2026-01-17T07:02:28.826447" level="INFO">Clicking element 'id:reset_sidebar_link'.</msg>
<arg>${reset_strategy}:${reset_value}</arg>
<doc>Click the element identified by ``locator``.</doc>
<status status="PASS" start="2026-01-17T07:02:28.825448" elapsed="0.747703"/>
</kw>
<kw name="Sleep" owner="BuiltIn">
<msg time="2026-01-17T07:02:30.574679" level="INFO">Slept 1 second.</msg>
<arg>1s</arg>
<doc>Pauses the test executed for the given time.</doc>
<status status="PASS" start="2026-01-17T07:02:29.573151" elapsed="1.001528"/>
</kw>
<kw name="Reload Page" owner="SeleniumLibrary">
<doc>Simulates user reloading page.</doc>
<status status="PASS" start="2026-01-17T07:02:30.575191" elapsed="0.446973"/>
</kw>
<kw name="Wait Until Page Contains" owner="SeleniumLibrary">
<arg>Products</arg>
<arg>timeout=5s</arg>
<doc>Waits until ``text`` appears on the current page.</doc>
<status status="PASS" start="2026-01-17T07:02:31.022164" elapsed="0.323631"/>
</kw>
<kw name="Get Locator" owner="keywords">
<kw name="Load Locators" owner="keywords">
<if>
<branch type="IF" condition="$LOCATORS_CACHE == {}">
<kw name="Get File" owner="OperatingSystem">
<var>${locators_content}</var>
<arg>${LOCATORS_FILE}</arg>
<doc>Returns the contents of a specified file.</doc>
<status status="NOT RUN" start="2026-01-17T07:02:31.349417" elapsed="0.000000"/>
</kw>
<kw name="Evaluate" owner="BuiltIn">
<var>${locators}</var>
<arg>json.loads('''${locators_content}''')</arg>
<arg>json</arg>
<doc>Evaluates the given expression in Python and returns the result.</doc>
<status status="NOT RUN" start="2026-01-17T07:02:31.349417" elapsed="0.001019"/>
</kw>
<kw name="Set Suite Variable" owner="BuiltIn">
<arg>&amp;{LOCATORS_CACHE}</arg>
<arg>&amp;{locators}</arg>
<doc>Makes a variable available everywhere within the scope of the current suite.</doc>
<status status="NOT RUN" start="2026-01-17T07:02:31.350436" elapsed="0.000000"/>
</kw>
<status status="NOT RUN" start="2026-01-17T07:02:31.347978" elapsed="0.002458"/>
</branch>
<status status="PASS" start="2026-01-17T07:02:31.347978" elapsed="0.002458"/>
</if>
<return>
<value>${LOCATORS_CACHE}</value>
<status status="PASS" start="2026-01-17T07:02:31.350436" elapsed="0.000000"/>
</return>
<msg time="2026-01-17T07:02:31.351447" level="INFO">${locators} = {'LOGIN_USER': 'id:user-name', 'LOGIN_PASSWORD': 'id:password', 'LOGIN_BUTTON': 'id:login-button', 'BURGER_MENU_BTN': 'id:react-burger-menu-btn', 'BURGER_MENU_CLOSE_BTN': 'id:react-burger-cross-btn', ...</msg>
<var>${locators}</var>
<status status="PASS" start="2026-01-17T07:02:31.347978" elapsed="0.003469"/>
</kw>
<kw name="Set Variable" owner="BuiltIn">
<msg time="2026-01-17T07:02:31.353447" level="INFO">${locator} = css:span.shopping_cart_badge</msg>
<var>${locator}</var>
<arg>${locators}[${key}]</arg>
<doc>Returns the given values which can then be assigned to a variables.</doc>
<status status="PASS" start="2026-01-17T07:02:31.351447" elapsed="0.002000"/>
</kw>
<kw name="Evaluate" owner="BuiltIn">
<msg time="2026-01-17T07:02:31.355415" level="INFO">${colon_index} = 3</msg>
<var>${colon_index}</var>
<arg>'''${locator}'''.find(':')</arg>
<doc>Evaluates the given expression in Python and returns the result.</doc>
<status status="PASS" start="2026-01-17T07:02:31.353447" elapsed="0.001968"/>
</kw>
<if>
<branch type="IF" condition="${colon_index} &gt;= 0">
<kw name="Evaluate" owner="BuiltIn">
<msg time="2026-01-17T07:02:31.358227" level="INFO">${strategy} = css</msg>
<var>${strategy}</var>
<arg>'''${locator}'''[:${colon_index}]</arg>
<doc>Evaluates the given expression in Python and returns the result.</doc>
<status status="PASS" start="2026-01-17T07:02:31.355415" elapsed="0.002812"/>
</kw>
<kw name="Evaluate" owner="BuiltIn">
<msg time="2026-01-17T07:02:31.360596" level="INFO">${value} = span.shopping_cart_badge</msg>
<var>${value}</var>
<arg>'''${locator}'''[${colon_index + 1}:]</arg>
<doc>Evaluates the given expression in Python and returns the result.</doc>
<status status="PASS" start="2026-01-17T07:02:31.358227" elapsed="0.002369"/>
</kw>
<return>
<value>${strategy}</value>
<value>${value}</value>
<status status="PASS" start="2026-01-17T07:02:31.361597" elapsed="0.000000"/>
</return>
<status status="PASS" start="2026-01-17T07:02:31.355415" elapsed="0.006182"/>
</branch>
<branch type="ELSE">
<return>
<value>${EMPTY}</value>
<value>${locator}</value>
<status status="NOT RUN" start="2026-01-17T07:02:31.361597" elapsed="0.001004"/>
</return>
<status status="NOT RUN" start="2026-01-17T07:02:31.361597" elapsed="0.001004"/>
</branch>
<status status="PASS" start="2026-01-17T07:02:31.355415" elapsed="0.007186"/>
</if>
<msg time="2026-01-17T07:02:31.363228" level="INFO">${badge_strategy} = css</msg>
<msg time="2026-01-17T07:02:31.363228" level="INFO">${badge_value} = span.shopping_cart_badge</msg>
<var>${badge_strategy}</var>
<var>${badge_value}</var>
<arg>SHOPPING_CART_BADGE</arg>
<status status="PASS" start="2026-01-17T07:02:31.346981" elapsed="0.017271"/>
</kw>
<kw name="Element Should Not Be Visible" owner="SeleniumLibrary">
<msg time="2026-01-17T07:02:31.681385" level="INFO">Element 'css:span.shopping_cart_badge' did not exist.</msg>
<arg>${badge_strategy}:${badge_value}</arg>
<doc>Verifies that the element identified by ``locator`` is NOT visible.</doc>
<status status="PASS" start="2026-01-17T07:02:31.364252" elapsed="0.317133"/>
</kw>
<kw name="Get WebElements" owner="SeleniumLibrary">
<msg time="2026-01-17T07:02:32.006331" level="INFO">@{buttons} = [ &lt;selenium.webdriver.remote.webelement.WebElement (session="909ddbdc65d3e732cce7c85e0297e11f", element="f.90B1FDA5005CCDB6D84843E279802E22.d.0CC9804A4C106609F324BDC703F0CBF1.e.48")&gt; | &lt;selenium.webdr...</msg>
<var>@{buttons}</var>
<arg>css:button.btn_inventory</arg>
<doc>Returns a list of WebElement objects matching the ``locator``.</doc>
<status status="PASS" start="2026-01-17T07:02:31.681385" elapsed="0.324946"/>
</kw>
<for flavor="IN">
<iter>
<kw name="Get Text" owner="SeleniumLibrary">
<msg time="2026-01-17T07:02:32.334079" level="INFO">${text} = Add to cart</msg>
<var>${text}</var>
<arg>${btn}</arg>
<doc>Returns the text value of the element identified by ``locator``.</doc>
<status status="PASS" start="2026-01-17T07:02:32.006851" elapsed="0.327228"/>
</kw>
<kw name="Should Be Equal" owner="BuiltIn">
<arg>${text}</arg>
<arg>Add to cart</arg>
<doc>Fails if the given objects are unequal.</doc>
<status status="PASS" start="2026-01-17T07:02:32.334079" elapsed="0.002021"/>
</kw>
<var name="${btn}">&lt;selenium.webdriver.remote.webelement.WebElement (session="909ddbdc65d3e732cce7c85e0297e11f", element="f.90B1FDA5005CCDB6D84843E279802E22.d.0CC9804A4C106609F324BDC703F0CBF1.e.48")&gt;</var>
<status status="PASS" start="2026-01-17T07:02:32.006851" elapsed="0.329249"/>
</iter>
<iter>
<kw name="Get Text" owner="SeleniumLibrary">
<msg time="2026-01-17T07:02:32.670325" level="INFO">${text} = Add to cart</msg>
<var>${text}</var>
<arg>${btn}</arg>
<doc>Returns the text value of the element identified by ``locator``.</doc>
<status status="PASS" start="2026-01-17T07:02:32.336100" elapsed="0.334225"/>
</kw>
<kw name="Should Be Equal" owner="BuiltIn">
<arg>${text}</arg>
<arg>Add to cart</arg>
<doc>Fails if the given objects are unequal.</doc>
<status status="PASS" start="2026-01-17T07:02:32.670325" elapsed="0.001008"/>
</kw>
<var name="${btn}">&lt;selenium.webdriver.remote.webelement.WebElement (session="909ddbdc65d3e732cce7c85e0297e11f", element="f.90B1FDA5005CCDB6D84843E279802E22.d.0CC9804A4C106609F324BDC703F0CBF1.e.49")&gt;</var>
<status status="PASS" start="2026-01-17T07:02:32.336100" elapsed="0.335233"/>
</iter>
<iter>
<kw name="Get Text" owner="SeleniumLibrary">
<msg time="2026-01-17T07:02:32.987280" level="INFO">${text} = Add to cart</msg>
<var>${text}</var>
<arg>${btn}</arg>
<doc>Returns the text value of the element identified by ``locator``.</doc>
<status status="PASS" start="2026-01-17T07:02:32.672343" elapsed="0.314937"/>
</kw>
<kw name="Should Be Equal" owner="BuiltIn">
<arg>${text}</arg>
<arg>Add to cart</arg>
<doc>Fails if the given objects are unequal.</doc>
<status status="PASS" start="2026-01-17T07:02:32.988360" elapsed="0.000000"/>
</kw>
<var name="${btn}">&lt;selenium.webdriver.remote.webelement.WebElement (session="909ddbdc65d3e732cce7c85e0297e11f", element="f.90B1FDA5005CCDB6D84843E279802E22.d.0CC9804A4C106609F324BDC703F0CBF1.e.50")&gt;</var>
<status status="PASS" start="2026-01-17T07:02:32.671333" elapsed="0.318042"/>
</iter>
<iter>
<kw name="Get Text" owner="SeleniumLibrary">
<msg time="2026-01-17T07:02:33.309121" level="INFO">${text} = Add to cart</msg>
<var>${text}</var>
<arg>${btn}</arg>
<doc>Returns the text value of the element identified by ``locator``.</doc>
<status status="PASS" start="2026-01-17T07:02:32.989375" elapsed="0.319746"/>
</kw>
<kw name="Should Be Equal" owner="BuiltIn">
<arg>${text}</arg>
<arg>Add to cart</arg>
<doc>Fails if the given objects are unequal.</doc>
<status status="PASS" start="2026-01-17T07:02:33.309121" elapsed="0.001587"/>
</kw>
<var name="${btn}">&lt;selenium.webdriver.remote.webelement.WebElement (session="909ddbdc65d3e732cce7c85e0297e11f", element="f.90B1FDA5005CCDB6D84843E279802E22.d.0CC9804A4C106609F324BDC703F0CBF1.e.51")&gt;</var>
<status status="PASS" start="2026-01-17T07:02:32.989375" elapsed="0.321333"/>
</iter>
<iter>
<kw name="Get Text" owner="SeleniumLibrary">
<msg time="2026-01-17T07:02:33.631869" level="INFO">${text} = Add to cart</msg>
<var>${text}</var>
<arg>${btn}</arg>
<doc>Returns the text value of the element identified by ``locator``.</doc>
<status status="PASS" start="2026-01-17T07:02:33.311817" elapsed="0.320052"/>
</kw>
<kw name="Should Be Equal" owner="BuiltIn">
<arg>${text}</arg>
<arg>Add to cart</arg>
<doc>Fails if the given objects are unequal.</doc>
<status status="PASS" start="2026-01-17T07:02:33.631869" elapsed="0.001012"/>
</kw>
<var name="${btn}">&lt;selenium.webdriver.remote.webelement.WebElement (session="909ddbdc65d3e732cce7c85e0297e11f", element="f.90B1FDA5005CCDB6D84843E279802E22.d.0CC9804A4C106609F324BDC703F0CBF1.e.52")&gt;</var>
<status status="PASS" start="2026-01-17T07:02:33.310708" elapsed="0.323269"/>
</iter>
<iter>
<kw name="Get Text" owner="SeleniumLibrary">
<msg time="2026-01-17T07:02:33.965028" level="INFO">${text} = Add to cart</msg>
<var>${text}</var>
<arg>${btn}</arg>
<doc>Returns the text value of the element identified by ``locator``.</doc>
<status status="PASS" start="2026-01-17T07:02:33.633977" elapsed="0.331051"/>
</kw>
<kw name="Should Be Equal" owner="BuiltIn">
<arg>${text}</arg>
<arg>Add to cart</arg>
<doc>Fails if the given objects are unequal.</doc>
<status status="PASS" start="2026-01-17T07:02:33.966121" elapsed="0.000994"/>
</kw>
<var name="${btn}">&lt;selenium.webdriver.remote.webelement.WebElement (session="909ddbdc65d3e732cce7c85e0297e11f", element="f.90B1FDA5005CCDB6D84843E279802E22.d.0CC9804A4C106609F324BDC703F0CBF1.e.53")&gt;</var>
<status status="PASS" start="2026-01-17T07:02:33.633977" elapsed="0.333138"/>
</iter>
<var>${btn}</var>
<value>@{buttons}</value>
<status status="PASS" start="2026-01-17T07:02:32.006851" elapsed="1.961262"/>
</for>
<doc>Réinitialise l'application avec reload et vérifie que le panier est vide</doc>
<status status="PASS" start="2026-01-17T07:02:25.146684" elapsed="8.821429"/>
</kw>
<kw name="Run Keyword If Test Failed" owner="BuiltIn" type="TEARDOWN">
<arg>Capture Page Screenshot</arg>
<doc>Runs the given keyword with the given arguments, if the test failed.</doc>
<status status="PASS" start="2026-01-17T07:02:33.969703" elapsed="0.000406"/>
</kw>
<doc>Vérifie que l'utilisateur peut réinitialiser l'état de l'application et vider le panier</doc>
<status status="PASS" start="2026-01-17T07:02:16.040951" elapsed="17.929158"/>
</test>
<kw name="Close Browser" owner="SeleniumLibrary" type="TEARDOWN">
<doc>Closes the current browser.</doc>
<status status="PASS" start="2026-01-17T07:02:33.972208" elapsed="2.453946"/>
</kw>
<status status="PASS" start="2026-01-17T07:02:16.028288" elapsed="20.398893"/>
</suite>
<status status="PASS" start="2026-01-17T06:59:57.625278" elapsed="158.803951"/>
</suite>
<statistics>
<total>
<stat pass="7" fail="0" skip="0">All Tests</stat>
</total>
<tag>
</tag>
<suite>
<stat name="Tests" id="s1" pass="7" fail="0" skip="0">Tests</stat>
<stat name="Test About Page" id="s1-s1" pass="1" fail="0" skip="0">Tests.Test About Page</stat>
<stat name="Test All Items Page" id="s1-s2" pass="1" fail="0" skip="0">Tests.Test All Items Page</stat>
<stat name="Test Burger Full" id="s1-s3" pass="1" fail="0" skip="0">Tests.Test Burger Full</stat>
<stat name="Test Close Menu" id="s1-s4" pass="1" fail="0" skip="0">Tests.Test Close Menu</stat>
<stat name="Test Logout" id="s1-s5" pass="1" fail="0" skip="0">Tests.Test Logout</stat>
<stat name="Test Menu Options" id="s1-s6" pass="1" fail="0" skip="0">Tests.Test Menu Options</stat>
<stat name="Test Reset State" id="s1-s7" pass="1" fail="0" skip="0">Tests.Test Reset State</stat>
</suite>
</statistics>
<errors>
</errors>
</robot>
